=================================================================
  Bi-temporal Difference Evaluation — CH4Net v2
  Sites: weisweiler, rybnik, groningen, boxberg
  Weights: weights/best_model.pth
  Threshold: 0.18
=================================================================

[1] Loading CH4Net v2 weights from weights/best_model.pth...
    OK (device: mps)
16:11:17  INFO     
=================================================================
16:11:17  INFO     Site: WEISWEILER       tile: T31UGS
16:11:17  INFO     Note: Confirmed emitter (S/C=2.091 on two dates)
16:11:17  INFO       Target:    S2B_MSIL1C_20240918T103619_N0511_R008_T31UGS_20240918T142046.npy
16:11:17  INFO       Reference: T31UGS_ref_20240127.npy
16:11:17  INFO       Loading target array (~1.4 GB for full tile, please wait)...
16:11:20  INFO       Target shape: (10980, 10980, 12)  dtype: uint8
16:11:20  INFO       [baseline] Already exists: original_S2B_MSIL1C_20240918T103619_N0511_R008_T31UGS_20240918T142046.tif
16:11:30  INFO       [baseline] S/C = 4.004  ring_slope = —
16:11:30  INFO       [bitemporal] Skipped — skip_bitemporal=True for this site
16:11:30  INFO                    (BT suppresses signal here; use baseline S/C instead)
16:11:30  INFO     
=================================================================
16:11:30  INFO     Site: RYBNIK           tile: T34UCA
16:11:30  INFO     Note: Confirmed emitter — coal mine (ring profile increases outward)
16:11:30  INFO       Target:    S2A_MSIL1C_20240829T095031_N0511_R079_T34UCA_20240829T115208.npy
16:11:30  INFO       Reference: T34UCA_ref_20231228.npy
16:11:30  INFO       Loading target array (~1.4 GB for full tile, please wait)...
16:11:31  INFO       Target shape: (10980, 10980, 12)  dtype: uint8
16:11:31  INFO       [baseline] Already exists: original_S2A_MSIL1C_20240829T095031_N0511_R079_T34UCA_20240829T115208.tif
16:11:42  INFO       [baseline] S/C = 3.708  ring_slope = —
16:11:42  INFO       [bitemporal] Already exists: bitemporal_S2A_MSIL1C_20240829T095031_N0511_R079_T34UCA_20240829T115208.tif
16:11:52  INFO       [bitemporal] S/C = 2.105  ring_slope = —
16:11:52  INFO     
=================================================================
16:11:52  INFO     Site: GRONINGEN        tile: T31UGV
16:11:52  INFO     Note: Terrain artefact (TROPOMI: -0.99 ppb on best date)
16:11:52  INFO       Target:    S2A_MSIL1C_20240817T105031_N0511_R051_T31UGV_20240817T125303.npy
16:11:52  INFO       Reference: T31UGV_ref_20240122.npy
16:11:52  INFO       Loading target array (~1.4 GB for full tile, please wait)...
16:11:53  INFO       Target shape: (10980, 10980, 12)  dtype: uint8
16:11:53  INFO       [baseline] Already exists: original_S2A_MSIL1C_20240817T105031_N0511_R051_T31UGV_20240817T125303.tif
16:12:03  INFO       [baseline] S/C = 152.605  ring_slope = —
16:12:03  INFO       [bitemporal] Loading reference array...
16:12:04  INFO       Reference shape: (10980, 10980, 12)
16:12:04  INFO       [bitemporal] Computing B12-only difference channel...
16:12:26  INFO       Channel 11 (B12): delta range [-255, 226]  shifted mean=125.0
16:12:27  INFO       [bitemporal] Running inference on difference array...
16:12:27  INFO       Tiling 10980×10980 scene → 100×100 patches...
16:12:27  INFO     Tiled 10980x10980 scene into 11881 patches of 100x100
16:12:27  INFO     Tiled 10980x10980 scene into 11881 patches of 100x100
16:12:27  INFO       Running batched inference on 11881 tiles...
16:13:46  INFO       Stitching predictions...
16:14:01  INFO     Saved georeferenced prediction to results_bitemporal/groningen/bitemporal_S2A_MSIL1C_20240817T105031_N0511_R051_T31UGV_20240817T125303.tif
16:14:01  INFO       Saved → bitemporal_S2A_MSIL1C_20240817T105031_N0511_R051_T31UGV_20240817T125303.tif
16:14:10  INFO       [bitemporal] S/C = 8.018  ring_slope = —
16:14:10  INFO     
=================================================================
16:14:10  INFO     Site: BOXBERG          tile: T33UVT
16:14:10  INFO     Note: Marginal (S/C=1.517, ~8.6% above Lausitz terrain bg)
16:14:10  INFO       Target:    S2B_MSIL1C_20240827T095549_N0511_R122_T33UVT_20240827T123222.npy
16:14:10  INFO       Reference: T33UVT_ref_20240128.npy
16:14:10  INFO       Loading target array (~1.4 GB for full tile, please wait)...
16:14:11  INFO       Target shape: (10980, 10980, 12)  dtype: uint8
16:14:11  INFO       [baseline] Already exists: original_S2B_MSIL1C_20240827T095549_N0511_R122_T33UVT_20240827T123222.tif
16:14:18  INFO       [baseline] S/C = 0.358  ring_slope = —
16:14:18  INFO       [bitemporal] Skipped — skip_bitemporal=True for this site
16:14:18  INFO                    (BT suppresses signal here; use baseline S/C instead)


================================================================================
  BI-TEMPORAL ZERO-SHOT COMPARISON — CH4Net v2
================================================================================
  Site              Orig S/C      BT S/C   Delta S/C   Orig slope    BT slope  Assessment
  ----------------------------------------------------------------------------
  weisweiler           4.004           —           —            —           —  — data missing
  rybnik               3.708       2.105      -1.603            —           —  ✓ FP suppressed
  groningen          152.605       8.018    -144.587            —           —  ✓ FP suppressed
  boxberg              0.358           —           —            —           —  — data missing
================================================================================

  Interpretation guide:
  Orig S/C > 1.5  →  strong single-date detection
  BT S/C closer to 1.0  →  bi-temporal suppresses terrain artefact
  ring_gradient < 0  →  probability decays with distance (real plume)
  ring_gradient > 0  →  probability rises with distance (terrain artefact)

  Full results saved → results_analysis/bitemporal_comparison.json

[Next steps based on results]
  rybnik: bi-temporal suppresses FP — USE as negative example in fine-tuning
  groningen: bi-temporal suppresses FP — USE as negative example in fine-tuning
