=================================================================
  Bi-temporal Difference Evaluation — CH4Net v2
  Sites: weisweiler, rybnik, groningen, boxberg
  Weights: weights/best_model.pth
  Threshold: 0.18
=================================================================

[1] Loading CH4Net v2 weights from weights/best_model.pth...
    OK (device: mps)
15:28:46  INFO     
=================================================================
15:28:46  INFO     Site: WEISWEILER       tile: T31UGS
15:28:46  INFO     Note: Confirmed emitter (S/C=2.091 on two dates)
15:28:46  INFO       Target:    S2B_MSIL1C_20240918T103619_N0511_R008_T31UGS_20240918T142046.npy
15:28:46  INFO       Reference: T31UGS_ref_20240127.npy
15:28:46  INFO       Loading target array (~1.4 GB for full tile, please wait)...
15:28:49  INFO       Target shape: (10980, 10980, 12)  dtype: uint8
15:28:49  INFO       [baseline] Running inference on original array...
15:28:49  INFO       Tiling 10980×10980 scene → 100×100 patches...
15:28:49  INFO     Tiled 10980x10980 scene into 11881 patches of 100x100
15:28:49  INFO     Tiled 10980x10980 scene into 11881 patches of 100x100
15:28:49  INFO       Running batched inference on 11881 tiles...
15:31:11  INFO       Stitching predictions...
15:31:31  INFO     Saved georeferenced prediction to results_bitemporal/weisweiler/original_S2B_MSIL1C_20240918T103619_N0511_R008_T31UGS_20240918T142046.tif
15:31:31  INFO       Saved → original_S2B_MSIL1C_20240918T103619_N0511_R008_T31UGS_20240918T142046.tif
15:31:40  INFO       [baseline] S/C = 4.004  ring_slope = —
15:31:40  INFO       [bitemporal] Skipped — skip_bitemporal=True for this site
15:31:40  INFO                    (BT suppresses signal here; use baseline S/C instead)
15:31:40  INFO     
=================================================================
15:31:40  INFO     Site: RYBNIK           tile: T34UCA
15:31:40  INFO     Note: Confirmed emitter — coal mine (ring profile increases outward)
15:31:40  INFO       Target:    S2A_MSIL1C_20240829T095031_N0511_R079_T34UCA_20240829T115208.npy
15:31:40  INFO       Reference: T34UCA_ref_20231228.npy
15:31:40  INFO       Loading target array (~1.4 GB for full tile, please wait)...
15:31:41  INFO       Target shape: (10980, 10980, 12)  dtype: uint8
15:31:41  INFO       [baseline] Already exists: original_S2A_MSIL1C_20240829T095031_N0511_R079_T34UCA_20240829T115208.tif
15:31:49  INFO       [baseline] S/C = 3.708  ring_slope = —
15:31:49  INFO       [bitemporal] Already exists: bitemporal_S2A_MSIL1C_20240829T095031_N0511_R079_T34UCA_20240829T115208.tif
15:31:57  INFO       [bitemporal] S/C = 2.105  ring_slope = —
15:31:57  INFO     
=================================================================
15:31:57  INFO     Site: GRONINGEN        tile: T31UGV
15:31:57  INFO     Note: Terrain artefact (TROPOMI: -0.99 ppb on best date)
15:31:57  INFO       Target:    S2A_MSIL1C_20240817T105031_N0511_R051_T31UGV_20240817T125303.npy
15:31:57  INFO       Reference: T31UGV_ref_20240122.npy
15:31:57  INFO       Loading target array (~1.4 GB for full tile, please wait)...
15:31:58  INFO       Target shape: (10980, 10980, 12)  dtype: uint8
15:31:58  INFO       [baseline] Already exists: original_S2A_MSIL1C_20240817T105031_N0511_R051_T31UGV_20240817T125303.tif
15:32:07  INFO       [baseline] S/C = 152.605  ring_slope = —
15:32:07  INFO       [bitemporal] Already exists: bitemporal_S2A_MSIL1C_20240817T105031_N0511_R051_T31UGV_20240817T125303.tif
15:32:15  INFO       [bitemporal] S/C = 8387.261  ring_slope = —
15:32:15  INFO     
=================================================================
15:32:15  INFO     Site: BOXBERG          tile: T33UVT
15:32:15  INFO     Note: Marginal (S/C=1.517, ~8.6% above Lausitz terrain bg)
15:32:15  INFO       Target:    S2B_MSIL1C_20240827T095549_N0511_R122_T33UVT_20240827T123222.npy
15:32:15  INFO       Reference: T33UVT_ref_20240128.npy
15:32:15  INFO       Loading target array (~1.4 GB for full tile, please wait)...
15:32:16  INFO       Target shape: (10980, 10980, 12)  dtype: uint8
15:32:16  INFO       [baseline] Already exists: original_S2B_MSIL1C_20240827T095549_N0511_R122_T33UVT_20240827T123222.tif
15:32:23  INFO       [baseline] S/C = 0.358  ring_slope = —
15:32:23  INFO       [bitemporal] Already exists: bitemporal_S2B_MSIL1C_20240827T095549_N0511_R122_T33UVT_20240827T123222.tif
15:32:31  INFO       [bitemporal] S/C = 0.035  ring_slope = —


================================================================================
  BI-TEMPORAL ZERO-SHOT COMPARISON — CH4Net v2
================================================================================
  Site              Orig S/C      BT S/C   Delta S/C   Orig slope    BT slope  Assessment
  ----------------------------------------------------------------------------
  weisweiler           4.004           —           —            —           —  — data missing
  rybnik               3.708       2.105      -1.603            —           —  ✓ FP suppressed
  groningen          152.605    8387.261   +8234.657            —           —  ↑ Signal preserved
  boxberg              0.358       0.035      -0.323            —           —  ✓ FP suppressed
================================================================================

  Interpretation guide:
  Orig S/C > 1.5  →  strong single-date detection
  BT S/C closer to 1.0  →  bi-temporal suppresses terrain artefact
  ring_gradient < 0  →  probability decays with distance (real plume)
  ring_gradient > 0  →  probability rises with distance (terrain artefact)

  Full results saved → results_analysis/bitemporal_comparison.json

[Next steps based on results]
  rybnik: bi-temporal suppresses FP — USE as negative example in fine-tuning
