09:34:20  INFO     Device: mps
09:34:21  INFO     Dataset split=train  total=18  pos=9  neg=9
09:34:21  INFO     Dataset split=val    total=5  pos=2  neg=3
09:34:21  INFO     Loading base weights: weights/best_model.pth
09:34:22  INFO     Checkpoint div_factor=1  (out_channels=128)
09:34:23  INFO     No encoder freezing (freeze_depth=0) — full fine-tuning
09:34:34  INFO     ==============================================================
09:34:34  INFO       European fine-tuning v4 — 18 train / 5 val  |  60 epochs
09:34:34  INFO       freeze_depth=0  lr=5.0e-05  weight_decay=1e-04  patience=20
09:34:34  INFO     ==============================================================
/Users/vincentcornelius/Downloads/methane-api/approach_c_retrain.py:248: UserWarning: To copy construct from a tensor, it is recommended to use sourceTensor.clone().detach() or sourceTensor.clone().detach().requires_grad_(True), rather than torch.tensor(sourceTensor).
  labels = torch.tensor(labels, dtype=torch.long, device=device)
09:35:31  INFO     Ep   1/60  train=2.3130 (acc=50%)  val=4.7145 (acc=60%)  lr=5.0e-05
09:35:33  INFO       -> Saved best model (val_loss=4.7145)
09:36:04  INFO     Ep   2/60  train=1.1447 (acc=50%)  val=3.5000 (acc=60%)  lr=5.0e-05
09:36:06  INFO       -> Saved best model (val_loss=3.5000)
09:36:22  INFO     Ep   3/60  train=1.0986 (acc=50%)  val=2.9380 (acc=60%)  lr=5.0e-05
09:36:25  INFO       -> Saved best model (val_loss=2.9380)
09:37:00  INFO     Ep   4/60  train=0.9058 (acc=50%)  val=2.1472 (acc=60%)  lr=5.0e-05
09:37:01  INFO       -> Saved best model (val_loss=2.1472)
09:37:48  INFO     Ep   5/60  train=0.9557 (acc=50%)  val=1.7731 (acc=60%)  lr=5.0e-05
09:37:48  INFO       -> Saved best model (val_loss=1.7731)
09:38:04  INFO     Ep   6/60  train=1.0120 (acc=50%)  val=1.6154 (acc=60%)  lr=5.0e-05
09:38:05  INFO       -> Saved best model (val_loss=1.6154)
09:38:20  INFO     Ep   7/60  train=0.9389 (acc=50%)  val=1.5025 (acc=60%)  lr=5.0e-05
09:38:21  INFO       -> Saved best model (val_loss=1.5025)
09:38:37  INFO     Ep   8/60  train=1.0880 (acc=50%)  val=1.4219 (acc=60%)  lr=5.0e-05
09:38:38  INFO       -> Saved best model (val_loss=1.4219)
09:38:55  INFO     Ep   9/60  train=1.0125 (acc=50%)  val=1.3640 (acc=60%)  lr=5.0e-05
09:38:56  INFO       -> Saved best model (val_loss=1.3640)
09:39:26  INFO     Ep  10/60  train=1.0713 (acc=50%)  val=1.2547 (acc=60%)  lr=4.8e-05
09:39:28  INFO       -> Saved best model (val_loss=1.2547)
09:39:45  INFO     Ep  11/60  train=1.0565 (acc=50%)  val=1.2361 (acc=60%)  lr=4.8e-05
09:39:47  INFO       -> Saved best model (val_loss=1.2361)
09:40:15  INFO     Ep  12/60  train=0.9860 (acc=50%)  val=1.2029 (acc=60%)  lr=4.8e-05
09:40:16  INFO       -> Saved best model (val_loss=1.2029)
09:40:33  INFO     Ep  13/60  train=0.9169 (acc=50%)  val=1.1914 (acc=60%)  lr=4.8e-05
09:40:36  INFO       -> Saved best model (val_loss=1.1914)
09:41:03  INFO     Ep  14/60  train=0.9746 (acc=50%)  val=1.1638 (acc=60%)  lr=4.8e-05
09:41:05  INFO       -> Saved best model (val_loss=1.1638)
09:41:22  INFO     Ep  15/60  train=0.9725 (acc=50%)  val=1.1584 (acc=60%)  lr=4.8e-05
09:41:24  INFO       -> Saved best model (val_loss=1.1584)
09:41:51  INFO     Ep  16/60  train=0.9698 (acc=50%)  val=1.1342 (acc=60%)  lr=4.8e-05
09:41:52  INFO       -> Saved best model (val_loss=1.1342)
09:42:08  INFO     Ep  17/60  train=0.9654 (acc=50%)  val=1.1318 (acc=60%)  lr=4.8e-05
09:42:09  INFO       -> Saved best model (val_loss=1.1318)
09:42:37  INFO     Ep  18/60  train=0.9647 (acc=50%)  val=1.1162 (acc=60%)  lr=4.8e-05
09:42:40  INFO       -> Saved best model (val_loss=1.1162)
09:42:55  INFO     Ep  19/60  train=0.9015 (acc=50%)  val=1.1154 (acc=60%)  lr=4.8e-05
09:42:57  INFO       -> Saved best model (val_loss=1.1154)
09:43:05  INFO     Ep  20/60  train=0.9591 (acc=50%)  val=1.1151 (acc=60%)  lr=4.5e-05
09:43:06  INFO       -> Saved best model (val_loss=1.1151)
09:43:15  INFO     Ep  21/60  train=0.9009 (acc=50%)  val=1.1150 (acc=60%)  lr=4.5e-05
09:43:15  INFO       -> Saved best model (val_loss=1.1150)
09:43:23  INFO     Ep  22/60  train=0.9005 (acc=50%)  val=1.1154 (acc=60%)  lr=4.5e-05
09:43:30  INFO     Ep  23/60  train=1.0157 (acc=50%)  val=1.1163 (acc=60%)  lr=4.5e-05
09:43:37  INFO     Ep  24/60  train=0.8997 (acc=50%)  val=1.1168 (acc=60%)  lr=4.5e-05
09:43:45  INFO     Ep  25/60  train=0.9587 (acc=50%)  val=1.1181 (acc=60%)  lr=4.5e-05
09:43:53  INFO     Ep  26/60  train=0.9007 (acc=50%)  val=1.1190 (acc=60%)  lr=4.5e-05
09:44:00  INFO     Ep  27/60  train=0.9586 (acc=50%)  val=1.1205 (acc=60%)  lr=4.5e-05
09:44:08  INFO     Ep  28/60  train=0.9564 (acc=50%)  val=1.1219 (acc=60%)  lr=4.5e-05
09:44:15  INFO     Ep  29/60  train=0.9603 (acc=50%)  val=1.1228 (acc=60%)  lr=4.5e-05
09:44:29  INFO     Ep  30/60  train=0.8997 (acc=50%)  val=1.1241 (acc=60%)  lr=4.3e-05
09:44:45  INFO     Ep  31/60  train=0.9001 (acc=50%)  val=1.1258 (acc=60%)  lr=4.3e-05
09:45:02  INFO     Ep  32/60  train=0.9556 (acc=50%)  val=1.1279 (acc=60%)  lr=4.3e-05
09:45:49  INFO     Ep  33/60  train=0.9015 (acc=50%)  val=1.1163 (acc=60%)  lr=4.3e-05
09:46:05  INFO     Ep  34/60  train=0.8969 (acc=50%)  val=1.1178 (acc=60%)  lr=4.3e-05
09:46:21  INFO     Ep  35/60  train=0.8996 (acc=50%)  val=1.1195 (acc=60%)  lr=4.3e-05
09:46:37  INFO     Ep  36/60  train=0.8983 (acc=50%)  val=1.1196 (acc=60%)  lr=4.3e-05
09:46:53  INFO     Ep  37/60  train=0.8985 (acc=50%)  val=1.1196 (acc=60%)  lr=4.3e-05
09:47:17  INFO     Ep  38/60  train=1.0091 (acc=50%)  val=1.1171 (acc=60%)  lr=4.3e-05
09:47:41  INFO     Ep  39/60  train=0.9524 (acc=50%)  val=1.1042 (acc=60%)  lr=4.3e-05
09:47:42  INFO       -> Saved best model (val_loss=1.1042)
09:48:10  INFO     Ep  40/60  train=0.9015 (acc=50%)  val=1.0891 (acc=60%)  lr=4.1e-05
09:48:11  INFO       -> Saved best model (val_loss=1.0891)
09:48:28  INFO     Ep  41/60  train=0.9485 (acc=50%)  val=1.0887 (acc=60%)  lr=4.1e-05
09:48:30  INFO       -> Saved best model (val_loss=1.0887)
09:48:59  INFO     Ep  42/60  train=0.9987 (acc=50%)  val=1.0890 (acc=60%)  lr=4.1e-05
09:49:29  INFO     Ep  43/60  train=0.9492 (acc=50%)  val=1.0886 (acc=60%)  lr=4.1e-05
09:49:32  INFO       -> Saved best model (val_loss=1.0886)
09:49:54  INFO     Ep  44/60  train=0.9958 (acc=50%)  val=1.0875 (acc=60%)  lr=4.1e-05
09:49:57  INFO       -> Saved best model (val_loss=1.0875)
09:50:22  INFO     Ep  45/60  train=0.8982 (acc=50%)  val=1.0842 (acc=60%)  lr=4.1e-05
09:50:25  INFO       -> Saved best model (val_loss=1.0842)
09:50:57  INFO     Ep  46/60  train=0.9018 (acc=50%)  val=1.0738 (acc=60%)  lr=4.1e-05
09:51:00  INFO       -> Saved best model (val_loss=1.0738)
09:51:33  INFO     Ep  47/60  train=0.9508 (acc=50%)  val=1.0675 (acc=60%)  lr=4.1e-05
09:51:37  INFO       -> Saved best model (val_loss=1.0675)
09:52:17  INFO     Ep  48/60  train=0.9505 (acc=50%)  val=1.0638 (acc=60%)  lr=4.1e-05
09:52:21  INFO       -> Saved best model (val_loss=1.0638)
09:53:05  INFO     Ep  49/60  train=0.9513 (acc=50%)  val=1.0611 (acc=60%)  lr=4.1e-05
09:53:08  INFO       -> Saved best model (val_loss=1.0611)
09:53:48  INFO     Ep  50/60  train=0.9554 (acc=50%)  val=1.0613 (acc=60%)  lr=3.9e-05
09:54:21  INFO     Ep  51/60  train=0.9152 (acc=50%)  val=1.0610 (acc=60%)  lr=3.9e-05
09:54:23  INFO       -> Saved best model (val_loss=1.0610)
09:54:57  INFO     Ep  52/60  train=0.9967 (acc=50%)  val=1.0601 (acc=60%)  lr=3.9e-05
09:54:59  INFO       -> Saved best model (val_loss=1.0601)
09:55:32  INFO     Ep  53/60  train=0.9251 (acc=50%)  val=1.0591 (acc=60%)  lr=3.9e-05
09:55:38  INFO       -> Saved best model (val_loss=1.0591)
09:56:06  INFO     Ep  54/60  train=1.0008 (acc=50%)  val=1.0591 (acc=60%)  lr=3.9e-05
09:56:19  INFO     Ep  55/60  train=0.9643 (acc=50%)  val=1.0591 (acc=60%)  lr=3.9e-05
09:56:35  INFO     Ep  56/60  train=0.9285 (acc=50%)  val=1.0591 (acc=60%)  lr=3.9e-05
09:56:55  INFO     Ep  57/60  train=0.9294 (acc=50%)  val=1.0591 (acc=60%)  lr=3.9e-05
09:57:09  INFO     Ep  58/60  train=0.9291 (acc=50%)  val=1.0591 (acc=60%)  lr=3.9e-05
09:57:18  INFO     Ep  59/60  train=0.9284 (acc=50%)  val=1.0591 (acc=60%)  lr=3.9e-05
09:57:30  INFO     Ep  60/60  train=0.9666 (acc=50%)  val=1.0591 (acc=60%)  lr=3.7e-05
09:57:30  INFO     ==============================================================
09:57:30  INFO     Done. Best val loss: 1.0591
09:57:30  INFO     Weights: weights/european_model.pth
09:57:30  INFO     History: results_analysis/retrain_history.json
