12:25:31  INFO     Copernicus token refreshed, expires in 1800s
12:25:31  INFO     ── weisweiler  2020  (T31UGS) ──
12:25:36  INFO     Found 25 products
12:25:36  INFO       weisweiler 2020: 6 L1C scenes (of 25 total) at cloud ≤ 20%
12:25:36  INFO       Best: S2B_MSIL1C_20200601T103629_N0500_R008_T31UGS_20230430T082552  cloud=0.0%  date=2020-06-01T10:36:29.024000Z
12:25:36  INFO     ── weisweiler  2021  (T31UGS) ──
12:25:41  INFO     Found 13 products
12:25:41  INFO       weisweiler 2021: 4 L1C scenes (of 13 total) at cloud ≤ 20%
12:25:41  INFO       Best: S2A_MSIL1C_20210601T104021_N0500_R008_T31UGS_20230320T022849  cloud=0.0%  date=2021-06-01T10:40:21.024000Z
12:25:41  INFO     ── weisweiler  2022  (T31UGS) ──
12:25:46  INFO     Found 51 products
12:25:46  INFO       weisweiler 2022: 14 L1C scenes (of 51 total) at cloud ≤ 20%
12:25:46  INFO       Best: S2B_MSIL1C_20220614T104629_N0510_R051_T31UGS_20240630T015800  cloud=0.0%  date=2022-06-14T10:46:29.024000Z
12:25:46  INFO     ── weisweiler  2023  (T31UGS) ──
12:25:51  INFO     Found 41 products
12:25:51  INFO       weisweiler 2023: 11 L1C scenes (of 41 total) at cloud ≤ 20%
12:25:51  INFO       Best: S2A_MSIL1C_20230604T104621_N0510_R051_T31UGS_20240910T020808  cloud=0.0%  date=2023-06-04T10:46:21.024000Z
12:25:51  INFO     ── rybnik  2020  (T34UCA) ──
12:25:56  INFO     Found 32 products
12:25:56  INFO       rybnik 2020: 9 L1C scenes (of 32 total) at cloud ≤ 20%
12:25:56  INFO       Best: S2B_MSIL1C_20200606T095029_N0500_R079_T34UCA_20230421T183736  cloud=0.0%  date=2020-06-06T09:50:29.024000Z
12:25:56  INFO     ── rybnik  2021  (T34UCA) ──
12:26:00  INFO     Found 33 products
12:26:00  INFO       rybnik 2021: 10 L1C scenes (of 33 total) at cloud ≤ 20%
12:26:00  INFO       Best: S2A_MSIL1C_20210609T100031_N0500_R122_T34UCA_20230130T084931  cloud=0.0%  date=2021-06-09T10:00:31.024000Z
12:26:00  INFO     ── rybnik  2022  (T34UCA) ──
12:26:05  INFO     Found 55 products
12:26:05  INFO       rybnik 2022: 16 L1C scenes (of 55 total) at cloud ≤ 20%
12:26:05  INFO       Best: S2A_MSIL1C_20220601T095041_N0510_R079_T34UCA_20240615T191214  cloud=0.0%  date=2022-06-01T09:50:41.024000Z
12:26:05  INFO     ── rybnik  2023  (T34UCA) ──
12:26:09  INFO     Found 46 products
12:26:09  INFO       rybnik 2023: 13 L1C scenes (of 46 total) at cloud ≤ 20%
12:26:09  INFO       Best: S2B_MSIL1C_20230601T094549_N0510_R079_T34UCA_20240926T070742  cloud=0.0%  date=2023-06-01T09:45:49.024000Z
12:26:09  INFO     ── belchatow  2020  (T34UCB) ──
12:26:13  INFO     Found 123 products
12:26:13  INFO       belchatow 2020: 12 L1C scenes (of 123 total) at cloud ≤ 20%
12:26:13  INFO       Best: S2A_MSIL1C_20200601T095041_N0500_R079_T34UCB_20230402T070951  cloud=0.0%  date=2020-06-01T09:50:41.025000Z
12:26:13  INFO     ── belchatow  2021  (T34UCB) ──
12:26:17  INFO     Found 74 products
12:26:17  INFO       belchatow 2021: 9 L1C scenes (of 74 total) at cloud ≤ 20%
12:26:17  INFO       Best: S2A_MSIL1C_20210606T095031_N0500_R079_T34UCB_20230313T135138  cloud=0.0%  date=2021-06-06T09:50:31.024000Z
12:26:17  INFO     ── belchatow  2022  (T34UCB) ──
12:26:24  INFO     Found 107 products
12:26:24  INFO       belchatow 2022: 12 L1C scenes (of 107 total) at cloud ≤ 20%
12:26:24  INFO       Best: S2A_MSIL1C_20220601T095041_N0510_R079_T34UCB_20240615T191214  cloud=0.0%  date=2022-06-01T09:50:41.024000Z
12:26:24  INFO     ── belchatow  2023  (T34UCB) ──
12:26:30  INFO     Found 91 products
12:26:30  INFO       belchatow 2023: 12 L1C scenes (of 91 total) at cloud ≤ 20%
12:26:30  INFO       Best: S2B_MSIL1C_20230601T094549_N0510_R079_T34UCB_20240926T070742  cloud=0.0%  date=2023-06-01T09:45:49.024000Z
12:26:30  INFO     ── lippendorf  2020  (T33UUS) ──
12:26:35  INFO     Found 60 products
12:26:35  INFO       lippendorf 2020: 8 L1C scenes (of 60 total) at cloud ≤ 20%
12:26:35  INFO       Best: S2B_MSIL1C_20200602T100559_N0500_R022_T33UUS_20230618T064144  cloud=0.0%  date=2020-06-02T10:05:59.024000Z
12:26:35  INFO     ── lippendorf  2021  (T33UUS) ──
12:26:41  INFO     Found 21 products
12:26:41  INFO       lippendorf 2021: 2 L1C scenes (of 21 total) at cloud ≤ 20%
12:26:41  INFO       Best: S2B_MSIL1C_20210617T100559_N0500_R022_T33UUS_20230321T123228  cloud=0.0%  date=2021-06-17T10:05:59.026000Z
12:26:41  INFO     ── lippendorf  2022  (T33UUS) ──
12:26:44  INFO     Found 45 products
12:26:44  INFO       lippendorf 2022: 5 L1C scenes (of 45 total) at cloud ≤ 20%
12:26:44  INFO       Best: S2B_MSIL1C_20220612T100559_N0510_R022_T33UUS_20240629T144800  cloud=0.0%  date=2022-06-12T10:05:59.024000Z
12:26:44  INFO     ── lippendorf  2023  (T33UUS) ──
12:26:53  INFO     Found 44 products
12:26:53  INFO       lippendorf 2023: 6 L1C scenes (of 44 total) at cloud ≤ 20%
12:26:53  INFO       Best: S2A_MSIL1C_20230622T100601_N0510_R022_T33UUS_20240910T175754  cloud=0.0%  date=2023-06-22T10:06:01.024000Z
12:26:53  INFO     ── neurath  2020  (T32ULB) ──
12:26:59  INFO     Found 37 products
12:26:59  INFO       neurath 2020: 9 L1C scenes (of 37 total) at cloud ≤ 20%
12:26:59  INFO       Best: S2B_MSIL1C_20200601T103629_N0500_R008_T32ULB_20230430T082552  cloud=0.0%  date=2020-06-01T10:36:29.024000Z
12:26:59  INFO     ── neurath  2021  (T32ULB) ──
12:27:03  INFO     Found 22 products
12:27:03  INFO       neurath 2021: 6 L1C scenes (of 22 total) at cloud ≤ 20%
12:27:03  INFO       Best: S2A_MSIL1C_20210601T104021_N0500_R008_T32ULB_20230320T022849  cloud=0.0%  date=2021-06-01T10:40:21.024000Z
12:27:03  INFO     ── neurath  2022  (T32ULB) ──
12:27:10  INFO     Found 33 products
12:27:10  INFO       neurath 2022: 9 L1C scenes (of 33 total) at cloud ≤ 20%
12:27:10  INFO       Best: S2A_MSIL1C_20220616T103631_N0510_R008_T32ULB_20240628T105428  cloud=0.0%  date=2022-06-16T10:36:31.024000Z
12:27:10  INFO     ── neurath  2023  (T32ULB) ──
12:27:12  INFO     Found 31 products
12:27:12  INFO       neurath 2023: 7 L1C scenes (of 31 total) at cloud ≤ 20%
12:27:12  INFO       Best: S2B_MSIL1C_20230603T102559_N0510_R108_T32ULB_20240924T221401  cloud=0.0%  date=2023-06-03T10:25:59.025000Z
12:27:12  INFO     ── boxberg  2020  (T33UVT) ──
12:27:16  INFO     Found 40 products
12:27:16  INFO       boxberg 2020: 10 L1C scenes (of 40 total) at cloud ≤ 20%
12:27:16  INFO       Best: S2B_MSIL1C_20200622T100559_N0500_R022_T33UVT_20230501T013926  cloud=0.0%  date=2020-06-22T10:05:59.024000Z
12:27:16  INFO     ── boxberg  2021  (T33UVT) ──
12:27:20  INFO     Found 28 products
12:27:20  INFO       boxberg 2021: 7 L1C scenes (of 28 total) at cloud ≤ 20%
12:27:20  INFO       Best: S2B_MSIL1C_20210607T100559_N0500_R022_T33UVT_20230313T212809  cloud=0.0%  date=2021-06-07T10:05:59.024000Z
12:27:20  INFO     ── boxberg  2022  (T33UVT) ──
12:27:24  INFO     Found 32 products
12:27:24  INFO       boxberg 2022: 12 L1C scenes (of 32 total) at cloud ≤ 20%
12:27:24  INFO       Best: S2B_MSIL1C_20220619T100029_N0510_R122_T33UVT_20240627T204751  cloud=0.0%  date=2022-06-19T10:00:29.024000Z
12:27:24  INFO     ── boxberg  2023  (T33UVT) ──
12:27:27  INFO     Found 29 products
12:27:27  INFO       boxberg 2023: 9 L1C scenes (of 29 total) at cloud ≤ 20%
12:27:27  INFO       Best: S2B_MSIL1C_20230604T095559_N0510_R122_T33UVT_20240926T134304  cloud=0.0%  date=2023-06-04T09:55:59.024000Z
12:27:27  INFO     ── groningen  2020  (T31UGV) ──
12:27:32  INFO     Found 42 products
12:27:32  INFO       groningen 2020: 7 L1C scenes (of 42 total) at cloud ≤ 20%
12:27:32  INFO       Best: S2B_MSIL1C_20200624T104629_N0500_R051_T31UGV_20230506T233231  cloud=0.0%  date=2020-06-24T10:46:29.024000Z
12:27:32  INFO     ── groningen  2021  (T31UGV) ──
12:27:37  INFO     Found 30 products
12:27:37  INFO       groningen 2021: 4 L1C scenes (of 30 total) at cloud ≤ 20%
12:27:37  INFO       Best: S2A_MSIL1C_20210601T104021_N0500_R008_T31UGV_20230320T022849  cloud=0.0%  date=2021-06-01T10:40:21.024000Z
12:27:37  INFO     ── groningen  2022  (T31UGV) ──
12:27:41  INFO     Found 75 products
12:27:41  INFO       groningen 2022: 11 L1C scenes (of 75 total) at cloud ≤ 20%
12:27:41  INFO       Best: S2B_MSIL1C_20220611T103629_N0510_R008_T31UGV_20240629T102950  cloud=0.0%  date=2022-06-11T10:36:29.024000Z
12:27:41  INFO     ── groningen  2023  (T31UGV) ──
12:27:49  INFO     Found 62 products
12:27:49  INFO       groningen 2023: 8 L1C scenes (of 62 total) at cloud ≤ 20%
12:27:49  INFO       Best: S2A_MSIL1C_20230604T104621_N0510_R051_T31UGV_20240910T020808  cloud=0.0%  date=2023-06-04T10:46:21.024000Z
12:27:49  INFO     ── maasvlakte  2020  (T31UET) ──
12:27:53  INFO     Found 8 products
12:27:53  INFO       maasvlakte 2020: 5 L1C scenes (of 8 total) at cloud ≤ 20%
12:27:53  INFO       Best: S2A_MSIL1C_20200622T105631_N0500_R094_T31UET_20231110T094313  cloud=0.0%  date=2020-06-22T10:56:31.024000Z
12:27:53  INFO     ── maasvlakte  2021  (T31UET) ──
12:27:59  INFO     Found 17 products
12:27:59  INFO       maasvlakte 2021: 10 L1C scenes (of 17 total) at cloud ≤ 20%
12:27:59  INFO       Best: S2B_MSIL1C_20210602T105619_N0500_R094_T31UET_20230319T104057  cloud=0.0%  date=2021-06-02T10:56:19.024000Z
12:27:59  INFO     ── maasvlakte  2022  (T31UET) ──
12:28:05  INFO     Found 26 products
12:28:05  INFO       maasvlakte 2022: 14 L1C scenes (of 26 total) at cloud ≤ 20%
12:28:05  INFO       Best: S2A_MSIL1C_20220609T104631_N0510_R051_T31UET_20240619T141026  cloud=0.0%  date=2022-06-09T10:46:31.024000Z
12:28:05  INFO     ── maasvlakte  2023  (T31UET) ──
12:28:12  INFO     Found 24 products
12:28:12  INFO       maasvlakte 2023: 13 L1C scenes (of 24 total) at cloud ≤ 20%
12:28:12  INFO       Best: S2A_MSIL1C_20230604T104621_N0510_R051_T31UET_20240910T020808  cloud=0.0%  date=2023-06-04T10:46:21.024000Z
12:28:12  INFO     Manifest saved → results_analysis/historical_backfill_manifest.json
12:29:10  INFO     Copernicus token refreshed, expires in 1800s
12:29:10  INFO     Resuming: 0 (site, year) pairs already done
12:29:10  INFO     ── weisweiler  2020  (T31UGS) ──
12:29:14  INFO     Found 25 products
12:29:14  INFO       weisweiler 2020: 6 L1C scenes (of 25 total) at cloud ≤ 20%
12:29:14  INFO       Best: S2B_MSIL1C_20200601T103629_N0500_R008_T31UGS_20230430T082552  cloud=0.0%  date=2020-06-01T10:36:29.024000Z
12:29:14  INFO       Downloading S2B_MSIL1C_20200601T103629_N0500_R008_T31UGS_20230430T082552.SAFE ...
12:32:12  INFO     Downloaded S2B_MSIL1C_20200601T103629_N0500_R008_T31UGS_20230430T082552.SAFE (860.6 MB)
12:32:12  INFO       Converting to .npy ...
12:32:12  INFO     Unzipping S2B_MSIL1C_20200601T103629_N0500_R008_T31UGS_20230430T082552.SAFE.zip ...
12:32:14  INFO     Extracted: S2B_MSIL1C_20200601T103629_N0500_R008_T31UGS_20230430T082552.SAFE
12:32:14  INFO     Found 12/12 bands in SAFE archive
12:32:14  INFO     Reference grid: 10980x10980 pixels at 10m resolution (CRS: EPSG:32631)
12:33:42  INFO     Stacked array shape: (10980, 10980, 12)
12:34:50  INFO     Saved .npy array: data/npy_cache/S2B_MSIL1C_20200601T103629_N0500_R008_T31UGS_20230430T082552.npy (shape: (10980, 10980, 12))
12:34:50  INFO     Saved geo metadata: data/npy_cache/S2B_MSIL1C_20200601T103629_N0500_R008_T31UGS_20230430T082552_geo.json
12:34:51  INFO       Saved: S2B_MSIL1C_20200601T103629_N0500_R008_T31UGS_20230430T082552.npy
12:34:51  INFO     ── weisweiler  2021  (T31UGS) ──
12:34:56  INFO     Found 13 products
12:34:56  INFO       weisweiler 2021: 4 L1C scenes (of 13 total) at cloud ≤ 20%
12:34:56  INFO       Best: S2A_MSIL1C_20210601T104021_N0500_R008_T31UGS_20230320T022849  cloud=0.0%  date=2021-06-01T10:40:21.024000Z
12:34:56  INFO       Downloading S2A_MSIL1C_20210601T104021_N0500_R008_T31UGS_20230320T022849.SAFE ...
12:37:05  INFO     Downloaded S2A_MSIL1C_20210601T104021_N0500_R008_T31UGS_20230320T022849.SAFE (860.7 MB)
12:37:05  INFO       Converting to .npy ...
12:37:05  INFO     Unzipping S2A_MSIL1C_20210601T104021_N0500_R008_T31UGS_20230320T022849.SAFE.zip ...
12:37:06  INFO     Extracted: S2A_MSIL1C_20210601T104021_N0500_R008_T31UGS_20230320T022849.SAFE
12:37:06  INFO     Found 12/12 bands in SAFE archive
12:37:06  INFO     Reference grid: 10980x10980 pixels at 10m resolution (CRS: EPSG:32631)
12:38:02  INFO     Stacked array shape: (10980, 10980, 12)
12:38:49  INFO     Saved .npy array: data/npy_cache/S2A_MSIL1C_20210601T104021_N0500_R008_T31UGS_20230320T022849.npy (shape: (10980, 10980, 12))
12:38:49  INFO     Saved geo metadata: data/npy_cache/S2A_MSIL1C_20210601T104021_N0500_R008_T31UGS_20230320T022849_geo.json
12:38:49  INFO       Saved: S2A_MSIL1C_20210601T104021_N0500_R008_T31UGS_20230320T022849.npy
12:38:49  INFO     ── weisweiler  2022  (T31UGS) ──
12:38:53  INFO     Found 51 products
12:38:53  INFO       weisweiler 2022: 14 L1C scenes (of 51 total) at cloud ≤ 20%
12:38:53  INFO       Best: S2B_MSIL1C_20220614T104629_N0510_R051_T31UGS_20240630T015800  cloud=0.0%  date=2022-06-14T10:46:29.024000Z
12:38:53  INFO       Downloading S2B_MSIL1C_20220614T104629_N0510_R051_T31UGS_20240630T015800.SAFE ...
12:39:12  INFO     Downloaded S2B_MSIL1C_20220614T104629_N0510_R051_T31UGS_20240630T015800.SAFE (171.1 MB)
12:39:12  INFO       Converting to .npy ...
12:39:12  INFO     Unzipping S2B_MSIL1C_20220614T104629_N0510_R051_T31UGS_20240630T015800.SAFE.zip ...
12:39:13  INFO     Extracted: S2B_MSIL1C_20220614T104629_N0510_R051_T31UGS_20240630T015800.SAFE
12:39:13  INFO     Found 12/12 bands in SAFE archive
12:39:13  INFO     Reference grid: 10980x10980 pixels at 10m resolution (CRS: EPSG:32631)
12:39:51  INFO     Stacked array shape: (10980, 10980, 12)
12:40:09  INFO     Saved .npy array: data/npy_cache/S2B_MSIL1C_20220614T104629_N0510_R051_T31UGS_20240630T015800.npy (shape: (10980, 10980, 12))
12:40:09  INFO     Saved geo metadata: data/npy_cache/S2B_MSIL1C_20220614T104629_N0510_R051_T31UGS_20240630T015800_geo.json
12:40:09  INFO       Saved: S2B_MSIL1C_20220614T104629_N0510_R051_T31UGS_20240630T015800.npy
12:40:09  INFO     ── weisweiler  2023  (T31UGS) ──
12:40:09  INFO       Already cached: S2A_MSIL1C_20210601T104021_N0500_R008_T31UGS_20230320T022849.npy
12:40:09  INFO     ── rybnik  2020  (T34UCA) ──
12:40:16  INFO     Found 32 products
12:40:16  INFO       rybnik 2020: 9 L1C scenes (of 32 total) at cloud ≤ 20%
12:40:16  INFO       Best: S2B_MSIL1C_20200606T095029_N0500_R079_T34UCA_20230421T183736  cloud=0.0%  date=2020-06-06T09:50:29.024000Z
12:40:16  INFO       Downloading S2B_MSIL1C_20200606T095029_N0500_R079_T34UCA_20230421T183736.SAFE ...
12:42:17  INFO     Downloaded S2B_MSIL1C_20200606T095029_N0500_R079_T34UCA_20230421T183736.SAFE (842.1 MB)
12:42:17  INFO       Converting to .npy ...
12:42:17  INFO     Unzipping S2B_MSIL1C_20200606T095029_N0500_R079_T34UCA_20230421T183736.SAFE.zip ...
12:42:18  INFO     Extracted: S2B_MSIL1C_20200606T095029_N0500_R079_T34UCA_20230421T183736.SAFE
12:42:18  INFO     Found 12/12 bands in SAFE archive
12:42:18  INFO     Reference grid: 10980x10980 pixels at 10m resolution (CRS: EPSG:32634)
12:43:16  INFO     Stacked array shape: (10980, 10980, 12)
12:44:29  INFO     Saved .npy array: data/npy_cache/S2B_MSIL1C_20200606T095029_N0500_R079_T34UCA_20230421T183736.npy (shape: (10980, 10980, 12))
12:44:29  INFO     Saved geo metadata: data/npy_cache/S2B_MSIL1C_20200606T095029_N0500_R079_T34UCA_20230421T183736_geo.json
12:44:29  INFO       Saved: S2B_MSIL1C_20200606T095029_N0500_R079_T34UCA_20230421T183736.npy
12:44:29  INFO     ── rybnik  2021  (T34UCA) ──
12:44:33  INFO     Found 33 products
12:44:33  INFO       rybnik 2021: 10 L1C scenes (of 33 total) at cloud ≤ 20%
12:44:33  INFO       Best: S2A_MSIL1C_20210609T100031_N0500_R122_T34UCA_20230130T084931  cloud=0.0%  date=2021-06-09T10:00:31.024000Z
12:44:33  INFO       Downloading S2A_MSIL1C_20210609T100031_N0500_R122_T34UCA_20230130T084931.SAFE ...
12:44:45  INFO     Downloaded S2A_MSIL1C_20210609T100031_N0500_R122_T34UCA_20230130T084931.SAFE (73.9 MB)
12:44:45  INFO       Converting to .npy ...
12:44:45  INFO     Unzipping S2A_MSIL1C_20210609T100031_N0500_R122_T34UCA_20230130T084931.SAFE.zip ...
12:44:45  INFO     Extracted: S2A_MSIL1C_20210609T100031_N0500_R122_T34UCA_20230130T084931.SAFE
12:44:45  INFO     Found 12/12 bands in SAFE archive
12:44:45  INFO     Reference grid: 10980x10980 pixels at 10m resolution (CRS: EPSG:32634)
12:45:21  INFO     Stacked array shape: (10980, 10980, 12)
12:45:40  INFO     Saved .npy array: data/npy_cache/S2A_MSIL1C_20210609T100031_N0500_R122_T34UCA_20230130T084931.npy (shape: (10980, 10980, 12))
12:45:40  INFO     Saved geo metadata: data/npy_cache/S2A_MSIL1C_20210609T100031_N0500_R122_T34UCA_20230130T084931_geo.json
12:45:40  INFO       Saved: S2A_MSIL1C_20210609T100031_N0500_R122_T34UCA_20230130T084931.npy
12:45:40  INFO     ── rybnik  2022  (T34UCA) ──
12:45:44  INFO     Found 55 products
12:45:44  INFO       rybnik 2022: 16 L1C scenes (of 55 total) at cloud ≤ 20%
12:45:44  INFO       Best: S2A_MSIL1C_20220601T095041_N0510_R079_T34UCA_20240615T191214  cloud=0.0%  date=2022-06-01T09:50:41.024000Z
12:45:44  INFO       Downloading S2A_MSIL1C_20220601T095041_N0510_R079_T34UCA_20240615T191214.SAFE ...
12:48:00  INFO     Downloaded S2A_MSIL1C_20220601T095041_N0510_R079_T34UCA_20240615T191214.SAFE (855.6 MB)
12:48:00  INFO       Converting to .npy ...
12:48:00  INFO     Unzipping S2A_MSIL1C_20220601T095041_N0510_R079_T34UCA_20240615T191214.SAFE.zip ...
12:48:01  INFO     Extracted: S2A_MSIL1C_20220601T095041_N0510_R079_T34UCA_20240615T191214.SAFE
12:48:01  INFO     Found 12/12 bands in SAFE archive
12:48:01  INFO     Reference grid: 10980x10980 pixels at 10m resolution (CRS: EPSG:32634)
12:48:58  INFO     Stacked array shape: (10980, 10980, 12)
12:50:21  INFO     Saved .npy array: data/npy_cache/S2A_MSIL1C_20220601T095041_N0510_R079_T34UCA_20240615T191214.npy (shape: (10980, 10980, 12))
12:50:21  INFO     Saved geo metadata: data/npy_cache/S2A_MSIL1C_20220601T095041_N0510_R079_T34UCA_20240615T191214_geo.json
12:50:22  INFO       Saved: S2A_MSIL1C_20220601T095041_N0510_R079_T34UCA_20240615T191214.npy
12:50:22  INFO     ── rybnik  2023  (T34UCA) ──
12:50:22  INFO       Already cached: S2A_MSIL1C_20210609T100031_N0500_R122_T34UCA_20230130T084931.npy
12:50:22  INFO     ── belchatow  2020  (T34UCB) ──
12:50:28  INFO     Found 123 products
12:50:28  INFO       belchatow 2020: 12 L1C scenes (of 123 total) at cloud ≤ 20%
12:50:28  INFO       Best: S2A_MSIL1C_20200601T095041_N0500_R079_T34UCB_20230402T070951  cloud=0.0%  date=2020-06-01T09:50:41.025000Z
12:50:28  INFO       Downloading S2A_MSIL1C_20200601T095041_N0500_R079_T34UCB_20230402T070951.SAFE ...
12:53:31  INFO     Downloaded S2A_MSIL1C_20200601T095041_N0500_R079_T34UCB_20230402T070951.SAFE (830.0 MB)
12:53:31  INFO       Converting to .npy ...
12:53:31  INFO     Unzipping S2A_MSIL1C_20200601T095041_N0500_R079_T34UCB_20230402T070951.SAFE.zip ...
12:53:33  INFO     Extracted: S2A_MSIL1C_20200601T095041_N0500_R079_T34UCB_20230402T070951.SAFE
12:53:33  INFO     Found 12/12 bands in SAFE archive
12:53:33  INFO     Reference grid: 10980x10980 pixels at 10m resolution (CRS: EPSG:32634)
12:56:19  INFO     Stacked array shape: (10980, 10980, 12)
12:59:43  INFO     Saved .npy array: data/npy_cache/S2A_MSIL1C_20200601T095041_N0500_R079_T34UCB_20230402T070951.npy (shape: (10980, 10980, 12))
12:59:43  INFO     Saved geo metadata: data/npy_cache/S2A_MSIL1C_20200601T095041_N0500_R079_T34UCB_20230402T070951_geo.json
12:59:43  INFO       Saved: S2A_MSIL1C_20200601T095041_N0500_R079_T34UCB_20230402T070951.npy
12:59:44  INFO     ── belchatow  2021  (T34UCB) ──
12:59:45  INFO     Copernicus token refreshed, expires in 1800s
12:59:50  INFO     Found 74 products
12:59:50  INFO       belchatow 2021: 9 L1C scenes (of 74 total) at cloud ≤ 20%
12:59:50  INFO       Best: S2A_MSIL1C_20210606T095031_N0500_R079_T34UCB_20230313T135138  cloud=0.0%  date=2021-06-06T09:50:31.024000Z
12:59:50  INFO       Downloading S2A_MSIL1C_20210606T095031_N0500_R079_T34UCB_20230313T135138.SAFE ...
13:04:19  INFO     Downloaded S2A_MSIL1C_20210606T095031_N0500_R079_T34UCB_20230313T135138.SAFE (846.4 MB)
13:04:19  INFO       Converting to .npy ...
13:04:19  INFO     Unzipping S2A_MSIL1C_20210606T095031_N0500_R079_T34UCB_20230313T135138.SAFE.zip ...
13:04:20  INFO     Extracted: S2A_MSIL1C_20210606T095031_N0500_R079_T34UCB_20230313T135138.SAFE
13:04:20  INFO     Found 12/12 bands in SAFE archive
13:04:20  INFO     Reference grid: 10980x10980 pixels at 10m resolution (CRS: EPSG:32634)
13:05:19  INFO     Stacked array shape: (10980, 10980, 12)
13:06:02  INFO     Saved .npy array: data/npy_cache/S2A_MSIL1C_20210606T095031_N0500_R079_T34UCB_20230313T135138.npy (shape: (10980, 10980, 12))
13:06:02  INFO     Saved geo metadata: data/npy_cache/S2A_MSIL1C_20210606T095031_N0500_R079_T34UCB_20230313T135138_geo.json
13:06:02  INFO       Saved: S2A_MSIL1C_20210606T095031_N0500_R079_T34UCB_20230313T135138.npy
13:06:02  INFO     ── belchatow  2022  (T34UCB) ──
13:06:08  INFO     Found 107 products
13:06:08  INFO       belchatow 2022: 12 L1C scenes (of 107 total) at cloud ≤ 20%
13:06:08  INFO       Best: S2A_MSIL1C_20220601T095041_N0510_R079_T34UCB_20240615T191214  cloud=0.0%  date=2022-06-01T09:50:41.024000Z
13:06:08  INFO       Downloading S2A_MSIL1C_20220601T095041_N0510_R079_T34UCB_20240615T191214.SAFE ...
13:12:56  INFO     Downloaded S2A_MSIL1C_20220601T095041_N0510_R079_T34UCB_20240615T191214.SAFE (846.5 MB)
13:12:56  INFO       Converting to .npy ...
13:12:56  INFO     Unzipping S2A_MSIL1C_20220601T095041_N0510_R079_T34UCB_20240615T191214.SAFE.zip ...
13:12:57  INFO     Extracted: S2A_MSIL1C_20220601T095041_N0510_R079_T34UCB_20240615T191214.SAFE
13:12:57  INFO     Found 12/12 bands in SAFE archive
13:12:57  INFO     Reference grid: 10980x10980 pixels at 10m resolution (CRS: EPSG:32634)
13:13:59  INFO     Stacked array shape: (10980, 10980, 12)
13:15:01  INFO     Saved .npy array: data/npy_cache/S2A_MSIL1C_20220601T095041_N0510_R079_T34UCB_20240615T191214.npy (shape: (10980, 10980, 12))
13:15:01  INFO     Saved geo metadata: data/npy_cache/S2A_MSIL1C_20220601T095041_N0510_R079_T34UCB_20240615T191214_geo.json
13:15:01  INFO       Saved: S2A_MSIL1C_20220601T095041_N0510_R079_T34UCB_20240615T191214.npy
13:15:01  INFO     ── belchatow  2023  (T34UCB) ──
13:15:01  INFO       Already cached: S2A_MSIL1C_20200601T095041_N0500_R079_T34UCB_20230402T070951.npy
13:15:01  INFO     ── lippendorf  2020  (T33UUS) ──
13:15:05  INFO     Found 60 products
13:15:05  INFO       lippendorf 2020: 8 L1C scenes (of 60 total) at cloud ≤ 20%
13:15:05  INFO       Best: S2B_MSIL1C_20200602T100559_N0500_R022_T33UUS_20230618T064144  cloud=0.0%  date=2020-06-02T10:05:59.024000Z
13:15:05  INFO       Downloading S2B_MSIL1C_20200602T100559_N0500_R022_T33UUS_20230618T064144.SAFE ...
13:17:53  INFO     Downloaded S2B_MSIL1C_20200602T100559_N0500_R022_T33UUS_20230618T064144.SAFE (836.8 MB)
13:17:53  INFO       Converting to .npy ...
13:17:53  INFO     Unzipping S2B_MSIL1C_20200602T100559_N0500_R022_T33UUS_20230618T064144.SAFE.zip ...
13:17:54  INFO     Extracted: S2B_MSIL1C_20200602T100559_N0500_R022_T33UUS_20230618T064144.SAFE
13:17:54  INFO     Found 12/12 bands in SAFE archive
13:17:54  INFO     Reference grid: 10980x10980 pixels at 10m resolution (CRS: EPSG:32633)
13:19:42  INFO     Stacked array shape: (10980, 10980, 12)
13:21:14  INFO     Saved .npy array: data/npy_cache/S2B_MSIL1C_20200602T100559_N0500_R022_T33UUS_20230618T064144.npy (shape: (10980, 10980, 12))
13:21:14  INFO     Saved geo metadata: data/npy_cache/S2B_MSIL1C_20200602T100559_N0500_R022_T33UUS_20230618T064144_geo.json
13:21:15  INFO       Saved: S2B_MSIL1C_20200602T100559_N0500_R022_T33UUS_20230618T064144.npy
13:21:15  INFO     ── lippendorf  2021  (T33UUS) ──
13:21:18  INFO     Found 21 products
13:21:18  INFO       lippendorf 2021: 2 L1C scenes (of 21 total) at cloud ≤ 20%
13:21:18  INFO       Best: S2B_MSIL1C_20210617T100559_N0500_R022_T33UUS_20230321T123228  cloud=0.0%  date=2021-06-17T10:05:59.026000Z
13:21:18  INFO       Downloading S2B_MSIL1C_20210617T100559_N0500_R022_T33UUS_20230321T123228.SAFE ...
13:27:55  INFO     Downloaded S2B_MSIL1C_20210617T100559_N0500_R022_T33UUS_20230321T123228.SAFE (833.8 MB)
13:27:55  INFO       Converting to .npy ...
13:27:55  INFO     Unzipping S2B_MSIL1C_20210617T100559_N0500_R022_T33UUS_20230321T123228.SAFE.zip ...
13:27:57  INFO     Extracted: S2B_MSIL1C_20210617T100559_N0500_R022_T33UUS_20230321T123228.SAFE
13:27:57  INFO     Found 12/12 bands in SAFE archive
13:27:57  INFO     Reference grid: 10980x10980 pixels at 10m resolution (CRS: EPSG:32633)
13:29:03  INFO     Stacked array shape: (10980, 10980, 12)
13:29:56  INFO     Saved .npy array: data/npy_cache/S2B_MSIL1C_20210617T100559_N0500_R022_T33UUS_20230321T123228.npy (shape: (10980, 10980, 12))
13:29:56  INFO     Saved geo metadata: data/npy_cache/S2B_MSIL1C_20210617T100559_N0500_R022_T33UUS_20230321T123228_geo.json
13:29:56  INFO       Saved: S2B_MSIL1C_20210617T100559_N0500_R022_T33UUS_20230321T123228.npy
13:29:56  INFO     ── lippendorf  2022  (T33UUS) ──
13:29:57  INFO     Copernicus token refreshed, expires in 1800s
13:30:02  INFO     Found 45 products
13:30:02  INFO       lippendorf 2022: 5 L1C scenes (of 45 total) at cloud ≤ 20%
13:30:02  INFO       Best: S2B_MSIL1C_20220612T100559_N0510_R022_T33UUS_20240629T144800  cloud=0.0%  date=2022-06-12T10:05:59.024000Z
13:30:02  INFO       Downloading S2B_MSIL1C_20220612T100559_N0510_R022_T33UUS_20240629T144800.SAFE ...
13:33:10  INFO     Downloaded S2B_MSIL1C_20220612T100559_N0510_R022_T33UUS_20240629T144800.SAFE (855.2 MB)
13:33:10  INFO       Converting to .npy ...
13:33:10  INFO     Unzipping S2B_MSIL1C_20220612T100559_N0510_R022_T33UUS_20240629T144800.SAFE.zip ...
13:33:11  INFO     Extracted: S2B_MSIL1C_20220612T100559_N0510_R022_T33UUS_20240629T144800.SAFE
13:33:11  INFO     Found 12/12 bands in SAFE archive
13:33:11  INFO     Reference grid: 10980x10980 pixels at 10m resolution (CRS: EPSG:32633)
13:34:19  INFO     Stacked array shape: (10980, 10980, 12)
13:35:09  INFO     Saved .npy array: data/npy_cache/S2B_MSIL1C_20220612T100559_N0510_R022_T33UUS_20240629T144800.npy (shape: (10980, 10980, 12))
13:35:09  INFO     Saved geo metadata: data/npy_cache/S2B_MSIL1C_20220612T100559_N0510_R022_T33UUS_20240629T144800_geo.json
13:35:09  INFO       Saved: S2B_MSIL1C_20220612T100559_N0510_R022_T33UUS_20240629T144800.npy
13:35:09  INFO     ── lippendorf  2023  (T33UUS) ──
13:35:09  INFO       Already cached: S2B_MSIL1C_20200602T100559_N0500_R022_T33UUS_20230618T064144.npy
13:35:09  INFO     ── neurath  2020  (T32ULB) ──
13:35:14  INFO     Found 37 products
13:35:14  INFO       neurath 2020: 9 L1C scenes (of 37 total) at cloud ≤ 20%
13:35:14  INFO       Best: S2B_MSIL1C_20200601T103629_N0500_R008_T32ULB_20230430T082552  cloud=0.0%  date=2020-06-01T10:36:29.024000Z
13:35:14  INFO       Downloading S2B_MSIL1C_20200601T103629_N0500_R008_T32ULB_20230430T082552.SAFE ...
13:37:21  INFO     Downloaded S2B_MSIL1C_20200601T103629_N0500_R008_T32ULB_20230430T082552.SAFE (858.1 MB)
13:37:21  INFO       Converting to .npy ...
13:37:21  INFO     Unzipping S2B_MSIL1C_20200601T103629_N0500_R008_T32ULB_20230430T082552.SAFE.zip ...
13:37:21  INFO     Extracted: S2B_MSIL1C_20200601T103629_N0500_R008_T32ULB_20230430T082552.SAFE
13:37:21  INFO     Found 12/12 bands in SAFE archive
13:37:21  INFO     Reference grid: 10980x10980 pixels at 10m resolution (CRS: EPSG:32632)
13:38:21  INFO     Stacked array shape: (10980, 10980, 12)
13:39:04  INFO     Saved .npy array: data/npy_cache/S2B_MSIL1C_20200601T103629_N0500_R008_T32ULB_20230430T082552.npy (shape: (10980, 10980, 12))
13:39:04  INFO     Saved geo metadata: data/npy_cache/S2B_MSIL1C_20200601T103629_N0500_R008_T32ULB_20230430T082552_geo.json
13:39:04  INFO       Saved: S2B_MSIL1C_20200601T103629_N0500_R008_T32ULB_20230430T082552.npy
13:39:04  INFO     ── neurath  2021  (T32ULB) ──
13:39:10  INFO     Found 22 products
13:39:10  INFO       neurath 2021: 6 L1C scenes (of 22 total) at cloud ≤ 20%
13:39:10  INFO       Best: S2A_MSIL1C_20210601T104021_N0500_R008_T32ULB_20230320T022849  cloud=0.0%  date=2021-06-01T10:40:21.024000Z
13:39:10  INFO       Downloading S2A_MSIL1C_20210601T104021_N0500_R008_T32ULB_20230320T022849.SAFE ...
13:41:26  INFO     Downloaded S2A_MSIL1C_20210601T104021_N0500_R008_T32ULB_20230320T022849.SAFE (859.3 MB)
13:41:26  INFO       Converting to .npy ...
13:41:26  INFO     Unzipping S2A_MSIL1C_20210601T104021_N0500_R008_T32ULB_20230320T022849.SAFE.zip ...
13:41:27  INFO     Extracted: S2A_MSIL1C_20210601T104021_N0500_R008_T32ULB_20230320T022849.SAFE
13:41:27  INFO     Found 12/12 bands in SAFE archive
13:41:27  INFO     Reference grid: 10980x10980 pixels at 10m resolution (CRS: EPSG:32632)
13:42:21  INFO     Stacked array shape: (10980, 10980, 12)
13:43:09  INFO     Saved .npy array: data/npy_cache/S2A_MSIL1C_20210601T104021_N0500_R008_T32ULB_20230320T022849.npy (shape: (10980, 10980, 12))
13:43:09  INFO     Saved geo metadata: data/npy_cache/S2A_MSIL1C_20210601T104021_N0500_R008_T32ULB_20230320T022849_geo.json
13:43:10  INFO       Saved: S2A_MSIL1C_20210601T104021_N0500_R008_T32ULB_20230320T022849.npy
13:43:10  INFO     ── neurath  2022  (T32ULB) ──
13:43:16  INFO     Found 33 products
13:43:16  INFO       neurath 2022: 9 L1C scenes (of 33 total) at cloud ≤ 20%
13:43:16  INFO       Best: S2A_MSIL1C_20220616T103631_N0510_R008_T32ULB_20240628T105428  cloud=0.0%  date=2022-06-16T10:36:31.024000Z
13:43:16  INFO       Downloading S2A_MSIL1C_20220616T103631_N0510_R008_T32ULB_20240628T105428.SAFE ...
13:46:10  INFO     Downloaded S2A_MSIL1C_20220616T103631_N0510_R008_T32ULB_20240628T105428.SAFE (859.9 MB)
13:46:10  INFO       Converting to .npy ...
13:46:10  INFO     Unzipping S2A_MSIL1C_20220616T103631_N0510_R008_T32ULB_20240628T105428.SAFE.zip ...
13:46:11  INFO     Extracted: S2A_MSIL1C_20220616T103631_N0510_R008_T32ULB_20240628T105428.SAFE
13:46:11  INFO     Found 12/12 bands in SAFE archive
13:46:11  INFO     Reference grid: 10980x10980 pixels at 10m resolution (CRS: EPSG:32632)
13:47:04  INFO     Stacked array shape: (10980, 10980, 12)
13:47:53  INFO     Saved .npy array: data/npy_cache/S2A_MSIL1C_20220616T103631_N0510_R008_T32ULB_20240628T105428.npy (shape: (10980, 10980, 12))
13:47:53  INFO     Saved geo metadata: data/npy_cache/S2A_MSIL1C_20220616T103631_N0510_R008_T32ULB_20240628T105428_geo.json
13:47:53  INFO       Saved: S2A_MSIL1C_20220616T103631_N0510_R008_T32ULB_20240628T105428.npy
13:47:53  INFO     ── neurath  2023  (T32ULB) ──
13:47:53  INFO       Already cached: S2A_MSIL1C_20210601T104021_N0500_R008_T32ULB_20230320T022849.npy
13:47:53  INFO     ── boxberg  2020  (T33UVT) ──
13:47:58  INFO     Found 40 products
13:47:58  INFO       boxberg 2020: 10 L1C scenes (of 40 total) at cloud ≤ 20%
13:47:58  INFO       Best: S2B_MSIL1C_20200622T100559_N0500_R022_T33UVT_20230501T013926  cloud=0.0%  date=2020-06-22T10:05:59.024000Z
13:47:58  INFO       Downloading S2B_MSIL1C_20200622T100559_N0500_R022_T33UVT_20230501T013926.SAFE ...
13:49:28  INFO     Downloaded S2B_MSIL1C_20200622T100559_N0500_R022_T33UVT_20230501T013926.SAFE (825.6 MB)
13:49:28  INFO       Converting to .npy ...
13:49:28  INFO     Unzipping S2B_MSIL1C_20200622T100559_N0500_R022_T33UVT_20230501T013926.SAFE.zip ...
13:49:29  INFO     Extracted: S2B_MSIL1C_20200622T100559_N0500_R022_T33UVT_20230501T013926.SAFE
13:49:29  INFO     Found 12/12 bands in SAFE archive
13:49:29  INFO     Reference grid: 10980x10980 pixels at 10m resolution (CRS: EPSG:32633)
13:50:19  INFO     Stacked array shape: (10980, 10980, 12)
13:51:10  INFO     Saved .npy array: data/npy_cache/S2B_MSIL1C_20200622T100559_N0500_R022_T33UVT_20230501T013926.npy (shape: (10980, 10980, 12))
13:51:10  INFO     Saved geo metadata: data/npy_cache/S2B_MSIL1C_20200622T100559_N0500_R022_T33UVT_20230501T013926_geo.json
13:51:11  INFO       Saved: S2B_MSIL1C_20200622T100559_N0500_R022_T33UVT_20230501T013926.npy
13:51:11  INFO     ── boxberg  2021  (T33UVT) ──
13:51:17  INFO     Found 28 products
13:51:17  INFO       boxberg 2021: 7 L1C scenes (of 28 total) at cloud ≤ 20%
13:51:17  INFO       Best: S2B_MSIL1C_20210607T100559_N0500_R022_T33UVT_20230313T212809  cloud=0.0%  date=2021-06-07T10:05:59.024000Z
13:51:17  INFO       Downloading S2B_MSIL1C_20210607T100559_N0500_R022_T33UVT_20230313T212809.SAFE ...
13:53:06  INFO     Downloaded S2B_MSIL1C_20210607T100559_N0500_R022_T33UVT_20230313T212809.SAFE (820.3 MB)
13:53:06  INFO       Converting to .npy ...
13:53:06  INFO     Unzipping S2B_MSIL1C_20210607T100559_N0500_R022_T33UVT_20230313T212809.SAFE.zip ...
13:53:07  INFO     Extracted: S2B_MSIL1C_20210607T100559_N0500_R022_T33UVT_20230313T212809.SAFE
13:53:07  INFO     Found 12/12 bands in SAFE archive
13:53:07  INFO     Reference grid: 10980x10980 pixels at 10m resolution (CRS: EPSG:32633)
13:53:56  INFO     Stacked array shape: (10980, 10980, 12)
13:54:48  INFO     Saved .npy array: data/npy_cache/S2B_MSIL1C_20210607T100559_N0500_R022_T33UVT_20230313T212809.npy (shape: (10980, 10980, 12))
13:54:48  INFO     Saved geo metadata: data/npy_cache/S2B_MSIL1C_20210607T100559_N0500_R022_T33UVT_20230313T212809_geo.json
13:54:49  INFO       Saved: S2B_MSIL1C_20210607T100559_N0500_R022_T33UVT_20230313T212809.npy
13:54:49  INFO     ── boxberg  2022  (T33UVT) ──
13:54:54  INFO     Found 32 products
13:54:54  INFO       boxberg 2022: 12 L1C scenes (of 32 total) at cloud ≤ 20%
13:54:54  INFO       Best: S2B_MSIL1C_20220619T100029_N0510_R122_T33UVT_20240627T204751  cloud=0.0%  date=2022-06-19T10:00:29.024000Z
13:54:54  INFO       Downloading S2B_MSIL1C_20220619T100029_N0510_R122_T33UVT_20240627T204751.SAFE ...
13:55:18  INFO     Downloaded S2B_MSIL1C_20220619T100029_N0510_R122_T33UVT_20240627T204751.SAFE (230.3 MB)
13:55:18  INFO       Converting to .npy ...
13:55:18  INFO     Unzipping S2B_MSIL1C_20220619T100029_N0510_R122_T33UVT_20240627T204751.SAFE.zip ...
13:55:19  INFO     Extracted: S2B_MSIL1C_20220619T100029_N0510_R122_T33UVT_20240627T204751.SAFE
13:55:19  INFO     Found 12/12 bands in SAFE archive
13:55:19  INFO     Reference grid: 10980x10980 pixels at 10m resolution (CRS: EPSG:32633)
13:55:57  INFO     Stacked array shape: (10980, 10980, 12)
13:56:20  INFO     Saved .npy array: data/npy_cache/S2B_MSIL1C_20220619T100029_N0510_R122_T33UVT_20240627T204751.npy (shape: (10980, 10980, 12))
13:56:20  INFO     Saved geo metadata: data/npy_cache/S2B_MSIL1C_20220619T100029_N0510_R122_T33UVT_20240627T204751_geo.json
13:56:20  INFO       Saved: S2B_MSIL1C_20220619T100029_N0510_R122_T33UVT_20240627T204751.npy
13:56:20  INFO     ── boxberg  2023  (T33UVT) ──
13:56:20  INFO       Already cached: S2B_MSIL1C_20200622T100559_N0500_R022_T33UVT_20230501T013926.npy
13:56:20  INFO     ── groningen  2020  (T31UGV) ──
13:56:25  INFO     Found 42 products
13:56:25  INFO       groningen 2020: 7 L1C scenes (of 42 total) at cloud ≤ 20%
13:56:25  INFO       Best: S2B_MSIL1C_20200624T104629_N0500_R051_T31UGV_20230506T233231  cloud=0.0%  date=2020-06-24T10:46:29.024000Z
13:56:25  INFO       Downloading S2B_MSIL1C_20200624T104629_N0500_R051_T31UGV_20230506T233231.SAFE ...
13:57:33  INFO     Downloaded S2B_MSIL1C_20200624T104629_N0500_R051_T31UGV_20230506T233231.SAFE (627.4 MB)
13:57:33  INFO       Converting to .npy ...
13:57:33  INFO     Unzipping S2B_MSIL1C_20200624T104629_N0500_R051_T31UGV_20230506T233231.SAFE.zip ...
13:57:34  INFO     Extracted: S2B_MSIL1C_20200624T104629_N0500_R051_T31UGV_20230506T233231.SAFE
13:57:34  INFO     Found 12/12 bands in SAFE archive
13:57:34  INFO     Reference grid: 10980x10980 pixels at 10m resolution (CRS: EPSG:32631)
13:58:17  INFO     Stacked array shape: (10980, 10980, 12)
13:58:51  INFO     Saved .npy array: data/npy_cache/S2B_MSIL1C_20200624T104629_N0500_R051_T31UGV_20230506T233231.npy (shape: (10980, 10980, 12))
13:58:51  INFO     Saved geo metadata: data/npy_cache/S2B_MSIL1C_20200624T104629_N0500_R051_T31UGV_20230506T233231_geo.json
13:58:51  INFO       Saved: S2B_MSIL1C_20200624T104629_N0500_R051_T31UGV_20230506T233231.npy
13:58:52  INFO     ── groningen  2021  (T31UGV) ──
13:58:52  INFO     Copernicus token refreshed, expires in 1800s
13:58:57  INFO     Found 30 products
13:58:57  INFO       groningen 2021: 4 L1C scenes (of 30 total) at cloud ≤ 20%
13:58:57  INFO       Best: S2A_MSIL1C_20210601T104021_N0500_R008_T31UGV_20230320T022849  cloud=0.0%  date=2021-06-01T10:40:21.024000Z
13:58:57  INFO       Downloading S2A_MSIL1C_20210601T104021_N0500_R008_T31UGV_20230320T022849.SAFE ...
14:00:10  INFO     Downloaded S2A_MSIL1C_20210601T104021_N0500_R008_T31UGV_20230320T022849.SAFE (692.7 MB)
14:00:10  INFO       Converting to .npy ...
14:00:10  INFO     Unzipping S2A_MSIL1C_20210601T104021_N0500_R008_T31UGV_20230320T022849.SAFE.zip ...
14:00:11  INFO     Extracted: S2A_MSIL1C_20210601T104021_N0500_R008_T31UGV_20230320T022849.SAFE
14:00:11  INFO     Found 12/12 bands in SAFE archive
14:00:11  INFO     Reference grid: 10980x10980 pixels at 10m resolution (CRS: EPSG:32631)
14:00:56  INFO     Stacked array shape: (10980, 10980, 12)
14:01:43  INFO     Saved .npy array: data/npy_cache/S2A_MSIL1C_20210601T104021_N0500_R008_T31UGV_20230320T022849.npy (shape: (10980, 10980, 12))
14:01:43  INFO     Saved geo metadata: data/npy_cache/S2A_MSIL1C_20210601T104021_N0500_R008_T31UGV_20230320T022849_geo.json
14:01:43  INFO       Saved: S2A_MSIL1C_20210601T104021_N0500_R008_T31UGV_20230320T022849.npy
14:01:43  INFO     ── groningen  2022  (T31UGV) ──
14:01:50  INFO     Found 75 products
14:01:50  INFO       groningen 2022: 11 L1C scenes (of 75 total) at cloud ≤ 20%
14:01:50  INFO       Best: S2B_MSIL1C_20220611T103629_N0510_R008_T31UGV_20240629T102950  cloud=0.0%  date=2022-06-11T10:36:29.024000Z
14:01:50  INFO       Downloading S2B_MSIL1C_20220611T103629_N0510_R008_T31UGV_20240629T102950.SAFE ...
14:03:06  INFO     Downloaded S2B_MSIL1C_20220611T103629_N0510_R008_T31UGV_20240629T102950.SAFE (737.0 MB)
14:03:06  INFO       Converting to .npy ...
14:03:06  INFO     Unzipping S2B_MSIL1C_20220611T103629_N0510_R008_T31UGV_20240629T102950.SAFE.zip ...
14:03:07  INFO     Extracted: S2B_MSIL1C_20220611T103629_N0510_R008_T31UGV_20240629T102950.SAFE
14:03:07  INFO     Found 12/12 bands in SAFE archive
14:03:07  INFO     Reference grid: 10980x10980 pixels at 10m resolution (CRS: EPSG:32631)
14:03:52  INFO     Stacked array shape: (10980, 10980, 12)
14:04:38  INFO     Saved .npy array: data/npy_cache/S2B_MSIL1C_20220611T103629_N0510_R008_T31UGV_20240629T102950.npy (shape: (10980, 10980, 12))
14:04:38  INFO     Saved geo metadata: data/npy_cache/S2B_MSIL1C_20220611T103629_N0510_R008_T31UGV_20240629T102950_geo.json
14:04:38  INFO       Saved: S2B_MSIL1C_20220611T103629_N0510_R008_T31UGV_20240629T102950.npy
14:04:38  INFO     ── groningen  2023  (T31UGV) ──
14:04:38  INFO       Already cached: S2A_MSIL1C_20210601T104021_N0500_R008_T31UGV_20230320T022849.npy
14:04:38  INFO     ── maasvlakte  2020  (T31UET) ──
14:04:42  INFO     Found 8 products
14:04:42  INFO       maasvlakte 2020: 5 L1C scenes (of 8 total) at cloud ≤ 20%
14:04:42  INFO       Best: S2A_MSIL1C_20200622T105631_N0500_R094_T31UET_20231110T094313  cloud=0.0%  date=2020-06-22T10:56:31.024000Z
14:04:42  INFO       Downloading S2A_MSIL1C_20200622T105631_N0500_R094_T31UET_20231110T094313.SAFE ...
14:05:54  INFO     Downloaded S2A_MSIL1C_20200622T105631_N0500_R094_T31UET_20231110T094313.SAFE (500.6 MB)
14:05:54  INFO       Converting to .npy ...
14:05:54  INFO     Unzipping S2A_MSIL1C_20200622T105631_N0500_R094_T31UET_20231110T094313.SAFE.zip ...
14:05:54  INFO     Extracted: S2A_MSIL1C_20200622T105631_N0500_R094_T31UET_20231110T094313.SAFE
14:05:54  INFO     Found 12/12 bands in SAFE archive
14:05:54  INFO     Reference grid: 10980x10980 pixels at 10m resolution (CRS: EPSG:32631)
14:06:40  INFO     Stacked array shape: (10980, 10980, 12)
14:07:10  INFO     Saved .npy array: data/npy_cache/S2A_MSIL1C_20200622T105631_N0500_R094_T31UET_20231110T094313.npy (shape: (10980, 10980, 12))
14:07:10  INFO     Saved geo metadata: data/npy_cache/S2A_MSIL1C_20200622T105631_N0500_R094_T31UET_20231110T094313_geo.json
14:07:10  INFO       Saved: S2A_MSIL1C_20200622T105631_N0500_R094_T31UET_20231110T094313.npy
14:07:10  INFO     ── maasvlakte  2021  (T31UET) ──
14:07:15  INFO     Found 17 products
14:07:15  INFO       maasvlakte 2021: 10 L1C scenes (of 17 total) at cloud ≤ 20%
14:07:15  INFO       Best: S2B_MSIL1C_20210602T105619_N0500_R094_T31UET_20230319T104057  cloud=0.0%  date=2021-06-02T10:56:19.024000Z
14:07:15  INFO       Downloading S2B_MSIL1C_20210602T105619_N0500_R094_T31UET_20230319T104057.SAFE ...
14:08:52  INFO     Downloaded S2B_MSIL1C_20210602T105619_N0500_R094_T31UET_20230319T104057.SAFE (478.0 MB)
14:08:52  INFO       Converting to .npy ...
14:08:52  INFO     Unzipping S2B_MSIL1C_20210602T105619_N0500_R094_T31UET_20230319T104057.SAFE.zip ...
14:08:53  INFO     Extracted: S2B_MSIL1C_20210602T105619_N0500_R094_T31UET_20230319T104057.SAFE
14:08:53  INFO     Found 12/12 bands in SAFE archive
14:08:53  INFO     Reference grid: 10980x10980 pixels at 10m resolution (CRS: EPSG:32631)
14:09:40  INFO     Stacked array shape: (10980, 10980, 12)
14:10:05  INFO     Saved .npy array: data/npy_cache/S2B_MSIL1C_20210602T105619_N0500_R094_T31UET_20230319T104057.npy (shape: (10980, 10980, 12))
14:10:05  INFO     Saved geo metadata: data/npy_cache/S2B_MSIL1C_20210602T105619_N0500_R094_T31UET_20230319T104057_geo.json
14:10:05  INFO       Saved: S2B_MSIL1C_20210602T105619_N0500_R094_T31UET_20230319T104057.npy
14:10:06  INFO     ── maasvlakte  2022  (T31UET) ──
14:10:11  INFO     Found 26 products
14:10:11  INFO       maasvlakte 2022: 14 L1C scenes (of 26 total) at cloud ≤ 20%
14:10:11  INFO       Best: S2A_MSIL1C_20220609T104631_N0510_R051_T31UET_20240619T141026  cloud=0.0%  date=2022-06-09T10:46:31.024000Z
14:10:11  INFO       Downloading S2A_MSIL1C_20220609T104631_N0510_R051_T31UET_20240619T141026.SAFE ...
14:11:38  INFO     Downloaded S2A_MSIL1C_20220609T104631_N0510_R051_T31UET_20240619T141026.SAFE (750.8 MB)
14:11:38  INFO       Converting to .npy ...
14:11:38  INFO     Unzipping S2A_MSIL1C_20220609T104631_N0510_R051_T31UET_20240619T141026.SAFE.zip ...
14:11:39  INFO     Extracted: S2A_MSIL1C_20220609T104631_N0510_R051_T31UET_20240619T141026.SAFE
14:11:39  INFO     Found 12/12 bands in SAFE archive
14:11:39  INFO     Reference grid: 10980x10980 pixels at 10m resolution (CRS: EPSG:32631)
14:12:44  INFO     Stacked array shape: (10980, 10980, 12)
14:13:37  INFO     Saved .npy array: data/npy_cache/S2A_MSIL1C_20220609T104631_N0510_R051_T31UET_20240619T141026.npy (shape: (10980, 10980, 12))
14:13:37  INFO     Saved geo metadata: data/npy_cache/S2A_MSIL1C_20220609T104631_N0510_R051_T31UET_20240619T141026_geo.json
14:13:37  INFO       Saved: S2A_MSIL1C_20220609T104631_N0510_R051_T31UET_20240619T141026.npy
14:13:37  INFO     ── maasvlakte  2023  (T31UET) ──
14:13:37  INFO       Already cached: S2A_MSIL1C_20200622T105631_N0500_R094_T31UET_20231110T094313.npy
14:13:37  INFO     Manifest saved → results_analysis/historical_backfill_manifest.json
15:27:14  INFO     Copernicus token refreshed, expires in 1800s
15:27:14  INFO     Resuming: 24 (site, year) pairs already done
15:27:14  INFO     ── weisweiler  2023  (T31UGS) ──
15:27:30  INFO     Found 41 products
15:27:30  INFO       weisweiler 2023: 11 L1C scenes (of 41 total) at cloud ≤ 20%
15:27:30  INFO       Best: S2A_MSIL1C_20230604T104621_N0510_R051_T31UGS_20240910T020808  cloud=0.0%  date=2023-06-04T10:46:21.024000Z
15:27:30  INFO       Downloading S2A_MSIL1C_20230604T104621_N0510_R051_T31UGS_20240910T020808.SAFE ...
15:27:49  INFO     Downloaded S2A_MSIL1C_20230604T104621_N0510_R051_T31UGS_20240910T020808.SAFE (172.2 MB)
15:27:49  INFO       Converting to .npy ...
15:27:49  INFO     Unzipping S2A_MSIL1C_20230604T104621_N0510_R051_T31UGS_20240910T020808.SAFE.zip ...
15:27:49  INFO     Extracted: S2A_MSIL1C_20230604T104621_N0510_R051_T31UGS_20240910T020808.SAFE
15:27:49  INFO     Found 12/12 bands in SAFE archive
15:27:49  INFO     Reference grid: 10980x10980 pixels at 10m resolution (CRS: EPSG:32631)
15:28:39  INFO     Stacked array shape: (10980, 10980, 12)
15:29:04  INFO     Saved .npy array: data/npy_cache/S2A_MSIL1C_20230604T104621_N0510_R051_T31UGS_20240910T020808.npy (shape: (10980, 10980, 12))
15:29:04  INFO     Saved geo metadata: data/npy_cache/S2A_MSIL1C_20230604T104621_N0510_R051_T31UGS_20240910T020808_geo.json
15:29:04  INFO       Saved: S2A_MSIL1C_20230604T104621_N0510_R051_T31UGS_20240910T020808.npy
15:29:04  INFO     ── rybnik  2023  (T34UCA) ──
15:29:10  INFO     Found 46 products
15:29:10  INFO       rybnik 2023: 13 L1C scenes (of 46 total) at cloud ≤ 20%
15:29:10  INFO       Best: S2B_MSIL1C_20230601T094549_N0510_R079_T34UCA_20240926T070742  cloud=0.0%  date=2023-06-01T09:45:49.024000Z
15:29:10  INFO       Downloading S2B_MSIL1C_20230601T094549_N0510_R079_T34UCA_20240926T070742.SAFE ...
15:30:45  INFO     Downloaded S2B_MSIL1C_20230601T094549_N0510_R079_T34UCA_20240926T070742.SAFE (844.1 MB)
15:30:45  INFO       Converting to .npy ...
15:30:45  INFO     Unzipping S2B_MSIL1C_20230601T094549_N0510_R079_T34UCA_20240926T070742.SAFE.zip ...
15:30:46  INFO     Extracted: S2B_MSIL1C_20230601T094549_N0510_R079_T34UCA_20240926T070742.SAFE
15:30:46  INFO     Found 12/12 bands in SAFE archive
15:30:46  INFO     Reference grid: 10980x10980 pixels at 10m resolution (CRS: EPSG:32634)
15:32:00  INFO     Stacked array shape: (10980, 10980, 12)
15:33:11  INFO     Saved .npy array: data/npy_cache/S2B_MSIL1C_20230601T094549_N0510_R079_T34UCA_20240926T070742.npy (shape: (10980, 10980, 12))
15:33:11  INFO     Saved geo metadata: data/npy_cache/S2B_MSIL1C_20230601T094549_N0510_R079_T34UCA_20240926T070742_geo.json
15:33:11  INFO       Saved: S2B_MSIL1C_20230601T094549_N0510_R079_T34UCA_20240926T070742.npy
15:33:11  INFO     ── belchatow  2023  (T34UCB) ──
15:33:15  INFO     Found 91 products
15:33:15  INFO       belchatow 2023: 12 L1C scenes (of 91 total) at cloud ≤ 20%
15:33:15  INFO       Best: S2B_MSIL1C_20230601T094549_N0510_R079_T34UCB_20240926T070742  cloud=0.0%  date=2023-06-01T09:45:49.024000Z
15:33:15  INFO       Downloading S2B_MSIL1C_20230601T094549_N0510_R079_T34UCB_20240926T070742.SAFE ...
15:35:18  INFO     Downloaded S2B_MSIL1C_20230601T094549_N0510_R079_T34UCB_20240926T070742.SAFE (835.0 MB)
15:35:18  INFO       Converting to .npy ...
15:35:18  INFO     Unzipping S2B_MSIL1C_20230601T094549_N0510_R079_T34UCB_20240926T070742.SAFE.zip ...
15:35:19  INFO     Extracted: S2B_MSIL1C_20230601T094549_N0510_R079_T34UCB_20240926T070742.SAFE
15:35:19  INFO     Found 12/12 bands in SAFE archive
15:35:19  INFO     Reference grid: 10980x10980 pixels at 10m resolution (CRS: EPSG:32634)
15:36:19  INFO     Stacked array shape: (10980, 10980, 12)
15:37:26  INFO     Saved .npy array: data/npy_cache/S2B_MSIL1C_20230601T094549_N0510_R079_T34UCB_20240926T070742.npy (shape: (10980, 10980, 12))
15:37:26  INFO     Saved geo metadata: data/npy_cache/S2B_MSIL1C_20230601T094549_N0510_R079_T34UCB_20240926T070742_geo.json
15:37:26  INFO       Saved: S2B_MSIL1C_20230601T094549_N0510_R079_T34UCB_20240926T070742.npy
15:37:26  INFO     ── lippendorf  2023  (T33UUS) ──
15:37:32  INFO     Found 44 products
15:37:32  INFO       lippendorf 2023: 6 L1C scenes (of 44 total) at cloud ≤ 20%
15:37:32  INFO       Best: S2A_MSIL1C_20230622T100601_N0510_R022_T33UUS_20240910T175754  cloud=0.0%  date=2023-06-22T10:06:01.024000Z
15:37:32  INFO       Downloading S2A_MSIL1C_20230622T100601_N0510_R022_T33UUS_20240910T175754.SAFE ...
15:39:47  INFO     Downloaded S2A_MSIL1C_20230622T100601_N0510_R022_T33UUS_20240910T175754.SAFE (836.9 MB)
15:39:47  INFO       Converting to .npy ...
15:39:47  INFO     Unzipping S2A_MSIL1C_20230622T100601_N0510_R022_T33UUS_20240910T175754.SAFE.zip ...
15:39:48  INFO     Extracted: S2A_MSIL1C_20230622T100601_N0510_R022_T33UUS_20240910T175754.SAFE
15:39:48  INFO     Found 12/12 bands in SAFE archive
15:39:48  INFO     Reference grid: 10980x10980 pixels at 10m resolution (CRS: EPSG:32633)
15:40:45  INFO     Stacked array shape: (10980, 10980, 12)
15:41:28  INFO     Saved .npy array: data/npy_cache/S2A_MSIL1C_20230622T100601_N0510_R022_T33UUS_20240910T175754.npy (shape: (10980, 10980, 12))
15:41:28  INFO     Saved geo metadata: data/npy_cache/S2A_MSIL1C_20230622T100601_N0510_R022_T33UUS_20240910T175754_geo.json
15:41:28  INFO       Saved: S2A_MSIL1C_20230622T100601_N0510_R022_T33UUS_20240910T175754.npy
15:41:28  INFO     ── neurath  2023  (T32ULB) ──
15:41:32  INFO     Found 31 products
15:41:32  INFO       neurath 2023: 7 L1C scenes (of 31 total) at cloud ≤ 20%
15:41:32  INFO       Best: S2B_MSIL1C_20230603T102559_N0510_R108_T32ULB_20240924T221401  cloud=0.0%  date=2023-06-03T10:25:59.025000Z
15:41:32  INFO       Downloading S2B_MSIL1C_20230603T102559_N0510_R108_T32ULB_20240924T221401.SAFE ...
15:43:00  INFO     Downloaded S2B_MSIL1C_20230603T102559_N0510_R108_T32ULB_20240924T221401.SAFE (567.2 MB)
15:43:00  INFO       Converting to .npy ...
15:43:00  INFO     Unzipping S2B_MSIL1C_20230603T102559_N0510_R108_T32ULB_20240924T221401.SAFE.zip ...
15:43:01  INFO     Extracted: S2B_MSIL1C_20230603T102559_N0510_R108_T32ULB_20240924T221401.SAFE
15:43:01  INFO     Found 12/12 bands in SAFE archive
15:43:01  INFO     Reference grid: 10980x10980 pixels at 10m resolution (CRS: EPSG:32632)
15:43:44  INFO     Stacked array shape: (10980, 10980, 12)
15:44:10  INFO     Saved .npy array: data/npy_cache/S2B_MSIL1C_20230603T102559_N0510_R108_T32ULB_20240924T221401.npy (shape: (10980, 10980, 12))
15:44:10  INFO     Saved geo metadata: data/npy_cache/S2B_MSIL1C_20230603T102559_N0510_R108_T32ULB_20240924T221401_geo.json
15:44:10  INFO       Saved: S2B_MSIL1C_20230603T102559_N0510_R108_T32ULB_20240924T221401.npy
15:44:11  INFO     ── boxberg  2023  (T33UVT) ──
15:44:14  INFO     Found 29 products
15:44:14  INFO       boxberg 2023: 9 L1C scenes (of 29 total) at cloud ≤ 20%
15:44:14  INFO       Best: S2B_MSIL1C_20230604T095559_N0510_R122_T33UVT_20240926T134304  cloud=0.0%  date=2023-06-04T09:55:59.024000Z
15:44:14  INFO       Downloading S2B_MSIL1C_20230604T095559_N0510_R122_T33UVT_20240926T134304.SAFE ...
15:45:04  INFO     Downloaded S2B_MSIL1C_20230604T095559_N0510_R122_T33UVT_20240926T134304.SAFE (241.8 MB)
15:45:04  INFO       Converting to .npy ...
15:45:04  INFO     Unzipping S2B_MSIL1C_20230604T095559_N0510_R122_T33UVT_20240926T134304.SAFE.zip ...
15:45:04  INFO     Extracted: S2B_MSIL1C_20230604T095559_N0510_R122_T33UVT_20240926T134304.SAFE
15:45:04  INFO     Found 12/12 bands in SAFE archive
15:45:04  INFO     Reference grid: 10980x10980 pixels at 10m resolution (CRS: EPSG:32633)
15:45:44  INFO     Stacked array shape: (10980, 10980, 12)
15:46:04  INFO     Saved .npy array: data/npy_cache/S2B_MSIL1C_20230604T095559_N0510_R122_T33UVT_20240926T134304.npy (shape: (10980, 10980, 12))
15:46:04  INFO     Saved geo metadata: data/npy_cache/S2B_MSIL1C_20230604T095559_N0510_R122_T33UVT_20240926T134304_geo.json
15:46:04  INFO       Saved: S2B_MSIL1C_20230604T095559_N0510_R122_T33UVT_20240926T134304.npy
15:46:04  INFO     ── groningen  2023  (T31UGV) ──
15:46:20  INFO     Found 62 products
15:46:20  INFO       groningen 2023: 8 L1C scenes (of 62 total) at cloud ≤ 20%
15:46:20  INFO       Best: S2A_MSIL1C_20230604T104621_N0510_R051_T31UGV_20240910T020808  cloud=0.0%  date=2023-06-04T10:46:21.024000Z
15:46:20  INFO       Downloading S2A_MSIL1C_20230604T104621_N0510_R051_T31UGV_20240910T020808.SAFE ...
15:48:01  INFO     Downloaded S2A_MSIL1C_20230604T104621_N0510_R051_T31UGV_20240910T020808.SAFE (705.8 MB)
15:48:01  INFO       Converting to .npy ...
15:48:01  INFO     Unzipping S2A_MSIL1C_20230604T104621_N0510_R051_T31UGV_20240910T020808.SAFE.zip ...
15:48:02  INFO     Extracted: S2A_MSIL1C_20230604T104621_N0510_R051_T31UGV_20240910T020808.SAFE
15:48:02  INFO     Found 12/12 bands in SAFE archive
15:48:02  INFO     Reference grid: 10980x10980 pixels at 10m resolution (CRS: EPSG:32631)
15:48:52  INFO     Stacked array shape: (10980, 10980, 12)
15:49:29  INFO     Saved .npy array: data/npy_cache/S2A_MSIL1C_20230604T104621_N0510_R051_T31UGV_20240910T020808.npy (shape: (10980, 10980, 12))
15:49:29  INFO     Saved geo metadata: data/npy_cache/S2A_MSIL1C_20230604T104621_N0510_R051_T31UGV_20240910T020808_geo.json
15:49:29  INFO       Saved: S2A_MSIL1C_20230604T104621_N0510_R051_T31UGV_20240910T020808.npy
15:49:29  INFO     ── maasvlakte  2023  (T31UET) ──
15:49:32  INFO     Found 24 products
15:49:32  INFO       maasvlakte 2023: 13 L1C scenes (of 24 total) at cloud ≤ 20%
15:49:32  INFO       Best: S2A_MSIL1C_20230604T104621_N0510_R051_T31UET_20240910T020808  cloud=0.0%  date=2023-06-04T10:46:21.024000Z
15:49:32  INFO       Downloading S2A_MSIL1C_20230604T104621_N0510_R051_T31UET_20240910T020808.SAFE ...
15:51:38  INFO     Downloaded S2A_MSIL1C_20230604T104621_N0510_R051_T31UET_20240910T020808.SAFE (749.5 MB)
15:51:38  INFO       Converting to .npy ...
15:51:38  INFO     Unzipping S2A_MSIL1C_20230604T104621_N0510_R051_T31UET_20240910T020808.SAFE.zip ...
15:51:39  INFO     Extracted: S2A_MSIL1C_20230604T104621_N0510_R051_T31UET_20240910T020808.SAFE
15:51:39  INFO     Found 12/12 bands in SAFE archive
15:51:39  INFO     Reference grid: 10980x10980 pixels at 10m resolution (CRS: EPSG:32631)
15:52:38  INFO     Stacked array shape: (10980, 10980, 12)
15:53:22  INFO     Saved .npy array: data/npy_cache/S2A_MSIL1C_20230604T104621_N0510_R051_T31UET_20240910T020808.npy (shape: (10980, 10980, 12))
15:53:22  INFO     Saved geo metadata: data/npy_cache/S2A_MSIL1C_20230604T104621_N0510_R051_T31UET_20240910T020808_geo.json
15:53:22  INFO       Saved: S2A_MSIL1C_20230604T104621_N0510_R051_T31UET_20240910T020808.npy
15:53:22  INFO     Manifest saved → results_analysis/historical_backfill_manifest.json
