14:20:07  INFO     Copernicus token refreshed, expires in 1800s
14:20:07  INFO     [2] Querying catalog for 122 dates...
14:20:08  INFO       2024-06-01  →  1 EU daytime orbit(s): S5P_OFFL_L2__CH4____20240601T121147_20240601T13531
14:20:09  INFO       2024-06-02  →  1 EU daytime orbit(s): S5P_OFFL_L2__CH4____20240602T115245_20240602T13341
14:20:09  INFO       2024-06-03  →  1 EU daytime orbit(s): S5P_OFFL_L2__CH4____20240603T113344_20240603T13151
14:20:10  INFO       2024-06-04  →  1 EU daytime orbit(s): S5P_OFFL_L2__CH4____20240604T111442_20240604T12561
14:20:11  INFO       2024-06-05  →  1 EU daytime orbit(s): S5P_OFFL_L2__CH4____20240605T123710_20240605T14183
14:20:11  INFO       2024-06-06  →  1 EU daytime orbit(s): S5P_OFFL_L2__CH4____20240606T121810_20240606T13594
14:20:12  INFO       2024-06-07  →  1 EU daytime orbit(s): S5P_OFFL_L2__CH4____20240607T115910_20240607T13404
14:20:12  INFO       2024-06-08  →  1 EU daytime orbit(s): S5P_OFFL_L2__CH4____20240608T114011_20240608T13214
14:20:13  INFO       2024-06-09  →  1 EU daytime orbit(s): S5P_OFFL_L2__CH4____20240609T112111_20240609T13024
14:20:14  INFO       2024-06-10  →  1 EU daytime orbit(s): S5P_OFFL_L2__CH4____20240610T110211_20240610T12434
14:20:14  INFO       2024-06-11  →  1 EU daytime orbit(s): S5P_OFFL_L2__CH4____20240611T122441_20240611T14061
14:20:14  INFO       2024-06-12  →  1 EU daytime orbit(s): S5P_OFFL_L2__CH4____20240612T120541_20240612T13471
14:20:16  INFO       2024-06-13  →  1 EU daytime orbit(s): S5P_OFFL_L2__CH4____20240613T114641_20240613T13281
14:20:16  INFO       2024-06-14  →  1 EU daytime orbit(s): S5P_OFFL_L2__CH4____20240614T112741_20240614T13091
14:20:16  INFO       2024-06-15  →  1 EU daytime orbit(s): S5P_OFFL_L2__CH4____20240615T110840_20240615T12501
14:20:17  INFO       2024-06-16  →  1 EU daytime orbit(s): S5P_OFFL_L2__CH4____20240616T123110_20240616T14123
14:20:17  INFO       2024-06-17  →  1 EU daytime orbit(s): S5P_OFFL_L2__CH4____20240617T121209_20240617T13533
14:20:18  INFO       2024-06-18  →  1 EU daytime orbit(s): S5P_OFFL_L2__CH4____20240618T115308_20240618T13343
14:20:19  INFO       2024-06-19  →  1 EU daytime orbit(s): S5P_OFFL_L2__CH4____20240619T113407_20240619T13153
14:20:19  INFO       2024-06-20  →  1 EU daytime orbit(s): S5P_OFFL_L2__CH4____20240620T111506_20240620T12563
14:20:20  INFO       2024-06-21  →  1 EU daytime orbit(s): S5P_OFFL_L2__CH4____20240621T123734_20240621T14190
14:20:20  INFO       2024-06-22  →  1 EU daytime orbit(s): S5P_OFFL_L2__CH4____20240622T121833_20240622T14000
14:20:21  INFO       2024-06-23  →  1 EU daytime orbit(s): S5P_OFFL_L2__CH4____20240623T115931_20240623T13410
14:20:21  INFO       2024-06-24  →  1 EU daytime orbit(s): S5P_OFFL_L2__CH4____20240624T114030_20240624T13220
14:20:22  INFO       2024-06-25  →  1 EU daytime orbit(s): S5P_OFFL_L2__CH4____20240625T112128_20240625T13025
14:20:22  INFO       2024-06-26  →  1 EU daytime orbit(s): S5P_OFFL_L2__CH4____20240626T110226_20240626T12435
14:20:22  INFO       2024-06-27  →  1 EU daytime orbit(s): S5P_OFFL_L2__CH4____20240627T122454_20240627T14062
14:20:23  INFO       2024-06-28  →  1 EU daytime orbit(s): S5P_OFFL_L2__CH4____20240628T120552_20240628T13472
14:20:24  INFO       2024-06-29  →  1 EU daytime orbit(s): S5P_OFFL_L2__CH4____20240629T114649_20240629T13281
14:20:24  INFO       2024-06-30  →  1 EU daytime orbit(s): S5P_OFFL_L2__CH4____20240630T112747_20240630T13091
14:20:25  INFO       2024-07-01  →  1 EU daytime orbit(s): S5P_OFFL_L2__CH4____20240701T110844_20240701T12501
14:20:25  INFO       2024-07-02  →  1 EU daytime orbit(s): S5P_OFFL_L2__CH4____20240702T123111_20240702T14124
14:20:25  INFO       2024-07-03  →  1 EU daytime orbit(s): S5P_OFFL_L2__CH4____20240703T121208_20240703T13533
14:20:26  INFO       2024-07-04  →  1 EU daytime orbit(s): S5P_OFFL_L2__CH4____20240704T115305_20240704T13343
14:20:27  INFO       2024-07-05  →  1 EU daytime orbit(s): S5P_OFFL_L2__CH4____20240705T113402_20240705T13153
14:20:27  INFO       2024-07-06  →  1 EU daytime orbit(s): S5P_OFFL_L2__CH4____20240706T111459_20240706T12562
14:20:27  INFO       2024-07-07  →  1 EU daytime orbit(s): S5P_OFFL_L2__CH4____20240707T123725_20240707T14185
14:20:28  INFO       2024-07-08  →  1 EU daytime orbit(s): S5P_OFFL_L2__CH4____20240708T121822_20240708T13595
14:20:28  INFO       2024-07-09  →  1 EU daytime orbit(s): S5P_OFFL_L2__CH4____20240709T115918_20240709T13404
14:20:28  INFO       2024-07-10  →  1 EU daytime orbit(s): S5P_OFFL_L2__CH4____20240710T114014_20240710T13214
14:20:28  INFO       2024-07-11  →  1 EU daytime orbit(s): S5P_OFFL_L2__CH4____20240711T112111_20240711T13024
14:20:29  INFO       2024-07-12  →  1 EU daytime orbit(s): S5P_OFFL_L2__CH4____20240712T110207_20240712T12433
14:20:29  INFO       2024-07-13  →  1 EU daytime orbit(s): S5P_OFFL_L2__CH4____20240713T122432_20240713T14060
14:20:29  INFO       2024-07-14  →  1 EU daytime orbit(s): S5P_OFFL_L2__CH4____20240714T120528_20240714T13465
14:20:30  INFO       2024-07-15  →  1 EU daytime orbit(s): S5P_OFFL_L2__CH4____20240715T114624_20240715T13275
14:20:30  INFO       2024-07-16  →  1 EU daytime orbit(s): S5P_OFFL_L2__CH4____20240716T112719_20240716T13084
14:20:30  INFO       2024-07-17  →  1 EU daytime orbit(s): S5P_OFFL_L2__CH4____20240717T110815_20240717T12494
14:20:30  INFO       2024-07-18  →  1 EU daytime orbit(s): S5P_OFFL_L2__CH4____20240718T123040_20240718T14120
14:20:31  INFO       2024-07-19  →  1 EU daytime orbit(s): S5P_OFFL_L2__CH4____20240719T121135_20240719T13530
14:20:31  INFO       2024-07-20  →  1 EU daytime orbit(s): S5P_OFFL_L2__CH4____20240720T115230_20240720T13340
14:20:32  INFO       2024-07-21  →  1 EU daytime orbit(s): S5P_OFFL_L2__CH4____20240721T113325_20240721T13145
14:20:32  INFO       2024-07-22  →  1 EU daytime orbit(s): S5P_OFFL_L2__CH4____20240722T111420_20240722T12554
14:20:32  INFO       2024-07-23  →  1 EU daytime orbit(s): S5P_OFFL_L2__CH4____20240723T123644_20240723T14181
14:20:33  INFO       2024-07-24  →  1 EU daytime orbit(s): S5P_OFFL_L2__CH4____20240724T121739_20240724T13590
14:20:33  INFO       2024-07-25  →  1 EU daytime orbit(s): S5P_OFFL_L2__CH4____20240725T115833_20240725T13400
14:20:34  INFO       2024-07-26  →  1 EU daytime orbit(s): S5P_OFFL_L2__CH4____20240726T113928_20240726T13205
14:20:34  INFO       2024-07-27  →  1 EU daytime orbit(s): S5P_OFFL_L2__CH4____20240727T112022_20240727T13015
14:20:34  INFO       2024-07-28  →  1 EU daytime orbit(s): S5P_OFFL_L2__CH4____20240728T110116_20240728T12424
14:20:34  INFO       2024-07-29  →  1 EU daytime orbit(s): S5P_OFFL_L2__CH4____20240729T122340_20240729T14050
14:20:35  INFO       2024-07-31  →  1 EU daytime orbit(s): S5P_OFFL_L2__CH4____20240731T114528_20240731T13265
14:20:35  INFO       2024-08-01  →  1 EU daytime orbit(s): S5P_OFFL_L2__CH4____20240801T112621_20240801T13075
14:20:35  INFO       2024-08-02  →  1 EU daytime orbit(s): S5P_OFFL_L2__CH4____20240802T110715_20240802T12484
14:20:36  INFO       2024-08-03  →  1 EU daytime orbit(s): S5P_OFFL_L2__CH4____20240803T122938_20240803T14110
14:20:36  INFO       2024-08-04  →  1 EU daytime orbit(s): S5P_OFFL_L2__CH4____20240804T121032_20240804T13520
14:20:36  INFO       2024-08-05  →  1 EU daytime orbit(s): S5P_OFFL_L2__CH4____20240805T115125_20240805T13325
14:20:37  INFO       2024-08-06  →  1 EU daytime orbit(s): S5P_OFFL_L2__CH4____20240806T113218_20240806T13134
14:20:37  INFO       2024-08-07  →  1 EU daytime orbit(s): S5P_OFFL_L2__CH4____20240807T111311_20240807T12544
14:20:37  INFO       2024-08-08  →  1 EU daytime orbit(s): S5P_OFFL_L2__CH4____20240808T123534_20240808T14170
14:20:38  INFO       2024-08-09  →  1 EU daytime orbit(s): S5P_OFFL_L2__CH4____20240809T121627_20240809T13575
14:20:38  INFO       2024-08-10  →  1 EU daytime orbit(s): S5P_OFFL_L2__CH4____20240810T115720_20240810T13384
14:20:38  INFO       2024-08-11  →  1 EU daytime orbit(s): S5P_OFFL_L2__CH4____20240811T113812_20240811T13194
14:20:39  INFO       2024-08-12  →  1 EU daytime orbit(s): S5P_OFFL_L2__CH4____20240812T111905_20240812T13003
14:20:40  INFO       2024-08-14  →  1 EU daytime orbit(s): S5P_OFFL_L2__CH4____20240814T122219_20240814T14034
14:20:40  INFO       2024-08-15  →  1 EU daytime orbit(s): S5P_OFFL_L2__CH4____20240815T120311_20240815T13444
14:20:40  INFO       2024-08-16  →  1 EU daytime orbit(s): S5P_OFFL_L2__CH4____20240816T114403_20240816T13253
14:20:41  INFO       2024-08-17  →  1 EU daytime orbit(s): S5P_OFFL_L2__CH4____20240817T112455_20240817T13062
14:20:41  INFO       2024-08-18  →  1 EU daytime orbit(s): S5P_OFFL_L2__CH4____20240818T110547_20240818T12471
14:20:41  INFO       2024-08-19  →  1 EU daytime orbit(s): S5P_OFFL_L2__CH4____20240819T122808_20240819T14093
14:20:42  INFO       2024-08-20  →  1 EU daytime orbit(s): S5P_OFFL_L2__CH4____20240820T120900_20240820T13502
14:20:42  INFO       2024-08-21  →  1 EU daytime orbit(s): S5P_OFFL_L2__CH4____20240821T114951_20240821T13312
14:20:42  INFO       2024-08-22  →  1 EU daytime orbit(s): S5P_OFFL_L2__CH4____20240822T113043_20240822T13121
14:20:43  INFO       2024-08-23  →  1 EU daytime orbit(s): S5P_OFFL_L2__CH4____20240823T111134_20240823T12530
14:20:43  INFO       2024-08-24  →  1 EU daytime orbit(s): S5P_OFFL_L2__CH4____20240824T123355_20240824T14152
14:20:43  INFO       2024-08-25  →  1 EU daytime orbit(s): S5P_OFFL_L2__CH4____20240825T121446_20240825T13561
14:20:44  INFO       2024-08-26  →  1 EU daytime orbit(s): S5P_OFFL_L2__CH4____20240826T115537_20240826T13370
14:20:45  INFO       2024-08-27  →  1 EU daytime orbit(s): S5P_OFFL_L2__CH4____20240827T113628_20240827T13175
14:20:45  INFO       2024-08-28  →  1 EU daytime orbit(s): S5P_OFFL_L2__CH4____20240828T111719_20240828T12584
14:20:46  INFO       2024-08-30  →  1 EU daytime orbit(s): S5P_OFFL_L2__CH4____20240830T122030_20240830T14015
14:20:47  INFO       2024-08-31  →  1 EU daytime orbit(s): S5P_OFFL_L2__CH4____20240831T120121_20240831T13425
14:20:47  INFO       2024-09-01  →  1 EU daytime orbit(s): S5P_OFFL_L2__CH4____20240901T114211_20240901T13234
14:20:48  INFO       2024-09-02  →  1 EU daytime orbit(s): S5P_OFFL_L2__CH4____20240902T112301_20240902T13043
14:20:48  INFO       2024-09-03  →  1 EU daytime orbit(s): S5P_OFFL_L2__CH4____20240903T110352_20240903T12452
14:20:48  INFO       2024-09-04  →  1 EU daytime orbit(s): S5P_OFFL_L2__CH4____20240904T122611_20240904T14074
14:20:49  INFO       2024-09-05  →  1 EU daytime orbit(s): S5P_OFFL_L2__CH4____20240905T120704_20240905T13483
14:20:49  INFO       2024-09-06  →  1 EU daytime orbit(s): S5P_OFFL_L2__CH4____20240906T114758_20240906T13292
14:20:50  INFO       2024-09-07  →  1 EU daytime orbit(s): S5P_OFFL_L2__CH4____20240907T112851_20240907T13102
14:20:50  INFO       2024-09-08  →  1 EU daytime orbit(s): S5P_OFFL_L2__CH4____20240908T110945_20240908T12511
14:20:51  INFO       2024-09-09  →  1 EU daytime orbit(s): S5P_OFFL_L2__CH4____20240909T123208_20240909T14133
14:20:51  INFO       2024-09-10  →  1 EU daytime orbit(s): S5P_OFFL_L2__CH4____20240910T121301_20240910T13543
14:20:51  INFO       2024-09-11  →  1 EU daytime orbit(s): S5P_OFFL_L2__CH4____20240911T115354_20240911T13352
14:20:52  INFO       2024-09-12  →  1 EU daytime orbit(s): S5P_OFFL_L2__CH4____20240912T113447_20240912T13161
14:20:53  INFO       2024-09-13  →  1 EU daytime orbit(s): S5P_OFFL_L2__CH4____20240913T111540_20240913T12571
14:20:53  INFO       2024-09-15  →  1 EU daytime orbit(s): S5P_OFFL_L2__CH4____20240915T121855_20240915T14002
14:20:54  INFO       2024-09-16  →  1 EU daytime orbit(s): S5P_OFFL_L2__CH4____20240916T115948_20240916T13411
14:20:54  INFO       2024-09-17  →  1 EU daytime orbit(s): S5P_OFFL_L2__CH4____20240917T114040_20240917T13221
14:20:55  INFO       2024-09-18  →  1 EU daytime orbit(s): S5P_OFFL_L2__CH4____20240918T112133_20240918T13030
14:20:55  INFO       2024-09-19  →  1 EU daytime orbit(s): S5P_OFFL_L2__CH4____20240919T110225_20240919T12435
14:20:55  INFO       2024-09-20  →  1 EU daytime orbit(s): S5P_OFFL_L2__CH4____20240920T122447_20240920T14061
14:20:56  INFO       2024-09-21  →  1 EU daytime orbit(s): S5P_OFFL_L2__CH4____20240921T120540_20240921T13470
14:20:56  INFO       2024-09-22  →  1 EU daytime orbit(s): S5P_OFFL_L2__CH4____20240922T114632_20240922T13280
14:20:56  INFO       2024-09-23  →  1 EU daytime orbit(s): S5P_OFFL_L2__CH4____20240923T112724_20240923T13085
14:20:56  INFO       2024-09-24  →  1 EU daytime orbit(s): S5P_OFFL_L2__CH4____20240924T110816_20240924T12494
14:20:57  INFO       2024-09-25  →  1 EU daytime orbit(s): S5P_OFFL_L2__CH4____20240925T123038_20240925T14120
14:20:57  INFO       2024-09-26  →  1 EU daytime orbit(s): S5P_OFFL_L2__CH4____20240926T121130_20240926T13525
14:20:57  INFO       2024-09-27  →  1 EU daytime orbit(s): S5P_OFFL_L2__CH4____20240927T115222_20240927T13335
14:20:57  INFO       2024-09-28  →  1 EU daytime orbit(s): S5P_OFFL_L2__CH4____20240928T113314_20240928T13144
14:20:58  INFO       2024-09-29  →  1 EU daytime orbit(s): S5P_OFFL_L2__CH4____20240929T111406_20240929T12553
16:05:35  INFO     Copernicus token refreshed, expires in 1800s
16:05:35  INFO     [2] Querying catalog for 122 dates...
16:05:36  INFO       2024-06-01  →  1 EU daytime orbit(s): S5P_OFFL_L2__CH4____20240601T121147_20240601T13531
16:05:40  INFO       2024-06-02  →  1 EU daytime orbit(s): S5P_OFFL_L2__CH4____20240602T115245_20240602T13341
16:05:41  INFO       2024-06-03  →  1 EU daytime orbit(s): S5P_OFFL_L2__CH4____20240603T113344_20240603T13151
16:05:44  INFO       2024-06-04  →  1 EU daytime orbit(s): S5P_OFFL_L2__CH4____20240604T111442_20240604T12561
16:05:45  INFO       2024-06-05  →  1 EU daytime orbit(s): S5P_OFFL_L2__CH4____20240605T123710_20240605T14183
16:05:45  INFO       2024-06-06  →  1 EU daytime orbit(s): S5P_OFFL_L2__CH4____20240606T121810_20240606T13594
16:05:46  INFO       2024-06-07  →  1 EU daytime orbit(s): S5P_OFFL_L2__CH4____20240607T115910_20240607T13404
16:05:47  INFO       2024-06-08  →  1 EU daytime orbit(s): S5P_OFFL_L2__CH4____20240608T114011_20240608T13214
16:05:52  INFO       2024-06-09  →  1 EU daytime orbit(s): S5P_OFFL_L2__CH4____20240609T112111_20240609T13024
16:05:52  INFO       2024-06-10  →  1 EU daytime orbit(s): S5P_OFFL_L2__CH4____20240610T110211_20240610T12434
16:05:55  INFO       2024-06-11  →  1 EU daytime orbit(s): S5P_OFFL_L2__CH4____20240611T122441_20240611T14061
16:05:56  INFO       2024-06-12  →  1 EU daytime orbit(s): S5P_OFFL_L2__CH4____20240612T120541_20240612T13471
16:05:56  INFO       2024-06-13  →  1 EU daytime orbit(s): S5P_OFFL_L2__CH4____20240613T114641_20240613T13281
16:05:59  INFO       2024-06-14  →  1 EU daytime orbit(s): S5P_OFFL_L2__CH4____20240614T112741_20240614T13091
16:06:00  INFO       2024-06-15  →  1 EU daytime orbit(s): S5P_OFFL_L2__CH4____20240615T110840_20240615T12501
16:06:00  INFO       2024-06-16  →  1 EU daytime orbit(s): S5P_OFFL_L2__CH4____20240616T123110_20240616T14123
16:06:01  INFO       2024-06-17  →  1 EU daytime orbit(s): S5P_OFFL_L2__CH4____20240617T121209_20240617T13533
16:06:01  INFO       2024-06-18  →  1 EU daytime orbit(s): S5P_OFFL_L2__CH4____20240618T115308_20240618T13343
16:06:02  INFO       2024-06-19  →  1 EU daytime orbit(s): S5P_OFFL_L2__CH4____20240619T113407_20240619T13153
16:06:02  INFO       2024-06-20  →  1 EU daytime orbit(s): S5P_OFFL_L2__CH4____20240620T111506_20240620T12563
16:06:06  INFO       2024-06-21  →  1 EU daytime orbit(s): S5P_OFFL_L2__CH4____20240621T123734_20240621T14190
16:06:07  INFO       2024-06-22  →  1 EU daytime orbit(s): S5P_OFFL_L2__CH4____20240622T121833_20240622T14000
16:06:07  INFO       2024-06-23  →  1 EU daytime orbit(s): S5P_OFFL_L2__CH4____20240623T115931_20240623T13410
16:06:08  INFO       2024-06-24  →  1 EU daytime orbit(s): S5P_OFFL_L2__CH4____20240624T114030_20240624T13220
16:06:09  INFO       2024-06-25  →  1 EU daytime orbit(s): S5P_OFFL_L2__CH4____20240625T112128_20240625T13025
16:06:09  INFO       2024-06-26  →  1 EU daytime orbit(s): S5P_OFFL_L2__CH4____20240626T110226_20240626T12435
16:06:10  INFO       2024-06-27  →  1 EU daytime orbit(s): S5P_OFFL_L2__CH4____20240627T122454_20240627T14062
16:06:11  INFO       2024-06-28  →  1 EU daytime orbit(s): S5P_OFFL_L2__CH4____20240628T120552_20240628T13472
16:06:12  INFO       2024-06-29  →  1 EU daytime orbit(s): S5P_OFFL_L2__CH4____20240629T114649_20240629T13281
16:06:12  INFO       2024-06-30  →  1 EU daytime orbit(s): S5P_OFFL_L2__CH4____20240630T112747_20240630T13091
16:06:12  INFO       2024-07-01  →  1 EU daytime orbit(s): S5P_OFFL_L2__CH4____20240701T110844_20240701T12501
16:06:13  INFO       2024-07-02  →  1 EU daytime orbit(s): S5P_OFFL_L2__CH4____20240702T123111_20240702T14124
16:06:13  INFO       2024-07-03  →  1 EU daytime orbit(s): S5P_OFFL_L2__CH4____20240703T121208_20240703T13533
16:06:14  INFO       2024-07-04  →  1 EU daytime orbit(s): S5P_OFFL_L2__CH4____20240704T115305_20240704T13343
16:06:14  INFO       2024-07-05  →  1 EU daytime orbit(s): S5P_OFFL_L2__CH4____20240705T113402_20240705T13153
16:06:15  INFO       2024-07-06  →  1 EU daytime orbit(s): S5P_OFFL_L2__CH4____20240706T111459_20240706T12562
16:06:17  INFO       2024-07-07  →  1 EU daytime orbit(s): S5P_OFFL_L2__CH4____20240707T123725_20240707T14185
16:06:18  INFO       2024-07-08  →  1 EU daytime orbit(s): S5P_OFFL_L2__CH4____20240708T121822_20240708T13595
16:06:18  INFO       2024-07-09  →  1 EU daytime orbit(s): S5P_OFFL_L2__CH4____20240709T115918_20240709T13404
16:06:19  INFO       2024-07-10  →  1 EU daytime orbit(s): S5P_OFFL_L2__CH4____20240710T114014_20240710T13214
16:06:20  INFO       2024-07-11  →  1 EU daytime orbit(s): S5P_OFFL_L2__CH4____20240711T112111_20240711T13024
16:06:20  INFO       2024-07-12  →  1 EU daytime orbit(s): S5P_OFFL_L2__CH4____20240712T110207_20240712T12433
16:06:21  INFO       2024-07-13  →  1 EU daytime orbit(s): S5P_OFFL_L2__CH4____20240713T122432_20240713T14060
16:06:21  INFO       2024-07-14  →  1 EU daytime orbit(s): S5P_OFFL_L2__CH4____20240714T120528_20240714T13465
16:06:22  INFO       2024-07-15  →  1 EU daytime orbit(s): S5P_OFFL_L2__CH4____20240715T114624_20240715T13275
16:06:22  INFO       2024-07-16  →  1 EU daytime orbit(s): S5P_OFFL_L2__CH4____20240716T112719_20240716T13084
16:06:23  INFO       2024-07-17  →  1 EU daytime orbit(s): S5P_OFFL_L2__CH4____20240717T110815_20240717T12494
16:06:23  INFO       2024-07-18  →  1 EU daytime orbit(s): S5P_OFFL_L2__CH4____20240718T123040_20240718T14120
16:06:24  INFO       2024-07-19  →  1 EU daytime orbit(s): S5P_OFFL_L2__CH4____20240719T121135_20240719T13530
16:06:24  INFO       2024-07-20  →  1 EU daytime orbit(s): S5P_OFFL_L2__CH4____20240720T115230_20240720T13340
16:06:26  INFO       2024-07-21  →  1 EU daytime orbit(s): S5P_OFFL_L2__CH4____20240721T113325_20240721T13145
16:06:27  INFO       2024-07-22  →  1 EU daytime orbit(s): S5P_OFFL_L2__CH4____20240722T111420_20240722T12554
16:06:27  INFO       2024-07-23  →  1 EU daytime orbit(s): S5P_OFFL_L2__CH4____20240723T123644_20240723T14181
16:06:28  INFO       2024-07-24  →  1 EU daytime orbit(s): S5P_OFFL_L2__CH4____20240724T121739_20240724T13590
16:06:31  INFO       2024-07-25  →  1 EU daytime orbit(s): S5P_OFFL_L2__CH4____20240725T115833_20240725T13400
16:06:32  INFO       2024-07-26  →  1 EU daytime orbit(s): S5P_OFFL_L2__CH4____20240726T113928_20240726T13205
16:06:33  INFO       2024-07-27  →  1 EU daytime orbit(s): S5P_OFFL_L2__CH4____20240727T112022_20240727T13015
16:06:33  INFO       2024-07-28  →  1 EU daytime orbit(s): S5P_OFFL_L2__CH4____20240728T110116_20240728T12424
16:06:34  INFO       2024-07-29  →  1 EU daytime orbit(s): S5P_OFFL_L2__CH4____20240729T122340_20240729T14050
16:06:35  INFO       2024-07-31  →  1 EU daytime orbit(s): S5P_OFFL_L2__CH4____20240731T114528_20240731T13265
16:06:35  INFO       2024-08-01  →  1 EU daytime orbit(s): S5P_OFFL_L2__CH4____20240801T112621_20240801T13075
16:06:35  INFO       2024-08-02  →  1 EU daytime orbit(s): S5P_OFFL_L2__CH4____20240802T110715_20240802T12484
16:06:36  INFO       2024-08-03  →  1 EU daytime orbit(s): S5P_OFFL_L2__CH4____20240803T122938_20240803T14110
16:06:36  INFO       2024-08-04  →  1 EU daytime orbit(s): S5P_OFFL_L2__CH4____20240804T121032_20240804T13520
16:06:37  INFO       2024-08-05  →  1 EU daytime orbit(s): S5P_OFFL_L2__CH4____20240805T115125_20240805T13325
16:06:37  INFO       2024-08-06  →  1 EU daytime orbit(s): S5P_OFFL_L2__CH4____20240806T113218_20240806T13134
16:06:38  INFO       2024-08-07  →  1 EU daytime orbit(s): S5P_OFFL_L2__CH4____20240807T111311_20240807T12544
16:06:38  INFO       2024-08-08  →  1 EU daytime orbit(s): S5P_OFFL_L2__CH4____20240808T123534_20240808T14170
16:06:39  INFO       2024-08-09  →  1 EU daytime orbit(s): S5P_OFFL_L2__CH4____20240809T121627_20240809T13575
16:06:39  INFO       2024-08-10  →  1 EU daytime orbit(s): S5P_OFFL_L2__CH4____20240810T115720_20240810T13384
16:06:40  INFO       2024-08-11  →  1 EU daytime orbit(s): S5P_OFFL_L2__CH4____20240811T113812_20240811T13194
16:06:40  INFO       2024-08-12  →  1 EU daytime orbit(s): S5P_OFFL_L2__CH4____20240812T111905_20240812T13003
16:06:41  INFO       2024-08-14  →  1 EU daytime orbit(s): S5P_OFFL_L2__CH4____20240814T122219_20240814T14034
16:06:41  INFO       2024-08-15  →  1 EU daytime orbit(s): S5P_OFFL_L2__CH4____20240815T120311_20240815T13444
16:06:42  INFO       2024-08-16  →  1 EU daytime orbit(s): S5P_OFFL_L2__CH4____20240816T114403_20240816T13253
16:06:42  INFO       2024-08-17  →  1 EU daytime orbit(s): S5P_OFFL_L2__CH4____20240817T112455_20240817T13062
16:06:43  INFO       2024-08-18  →  1 EU daytime orbit(s): S5P_OFFL_L2__CH4____20240818T110547_20240818T12471
16:06:43  INFO       2024-08-19  →  1 EU daytime orbit(s): S5P_OFFL_L2__CH4____20240819T122808_20240819T14093
16:06:44  INFO       2024-08-20  →  1 EU daytime orbit(s): S5P_OFFL_L2__CH4____20240820T120900_20240820T13502
16:06:44  INFO       2024-08-21  →  1 EU daytime orbit(s): S5P_OFFL_L2__CH4____20240821T114951_20240821T13312
16:06:44  INFO       2024-08-22  →  1 EU daytime orbit(s): S5P_OFFL_L2__CH4____20240822T113043_20240822T13121
16:06:44  INFO       2024-08-23  →  1 EU daytime orbit(s): S5P_OFFL_L2__CH4____20240823T111134_20240823T12530
16:06:45  INFO       2024-08-24  →  1 EU daytime orbit(s): S5P_OFFL_L2__CH4____20240824T123355_20240824T14152
16:06:46  INFO       2024-08-25  →  1 EU daytime orbit(s): S5P_OFFL_L2__CH4____20240825T121446_20240825T13561
16:06:46  INFO       2024-08-26  →  1 EU daytime orbit(s): S5P_OFFL_L2__CH4____20240826T115537_20240826T13370
16:06:47  INFO       2024-08-27  →  1 EU daytime orbit(s): S5P_OFFL_L2__CH4____20240827T113628_20240827T13175
16:06:47  INFO       2024-08-28  →  1 EU daytime orbit(s): S5P_OFFL_L2__CH4____20240828T111719_20240828T12584
16:06:48  INFO       2024-08-30  →  1 EU daytime orbit(s): S5P_OFFL_L2__CH4____20240830T122030_20240830T14015
16:06:49  INFO       2024-08-31  →  1 EU daytime orbit(s): S5P_OFFL_L2__CH4____20240831T120121_20240831T13425
16:06:49  INFO       2024-09-01  →  1 EU daytime orbit(s): S5P_OFFL_L2__CH4____20240901T114211_20240901T13234
16:06:50  INFO       2024-09-02  →  1 EU daytime orbit(s): S5P_OFFL_L2__CH4____20240902T112301_20240902T13043
16:06:50  INFO       2024-09-03  →  1 EU daytime orbit(s): S5P_OFFL_L2__CH4____20240903T110352_20240903T12452
16:06:50  INFO       2024-09-04  →  1 EU daytime orbit(s): S5P_OFFL_L2__CH4____20240904T122611_20240904T14074
16:06:51  INFO       2024-09-05  →  1 EU daytime orbit(s): S5P_OFFL_L2__CH4____20240905T120704_20240905T13483
16:06:52  INFO       2024-09-06  →  1 EU daytime orbit(s): S5P_OFFL_L2__CH4____20240906T114758_20240906T13292
16:06:52  INFO       2024-09-07  →  1 EU daytime orbit(s): S5P_OFFL_L2__CH4____20240907T112851_20240907T13102
16:06:52  INFO       2024-09-08  →  1 EU daytime orbit(s): S5P_OFFL_L2__CH4____20240908T110945_20240908T12511
16:06:53  INFO       2024-09-09  →  1 EU daytime orbit(s): S5P_OFFL_L2__CH4____20240909T123208_20240909T14133
16:06:53  INFO       2024-09-10  →  1 EU daytime orbit(s): S5P_OFFL_L2__CH4____20240910T121301_20240910T13543
16:06:54  INFO       2024-09-11  →  1 EU daytime orbit(s): S5P_OFFL_L2__CH4____20240911T115354_20240911T13352
16:06:54  INFO       2024-09-12  →  1 EU daytime orbit(s): S5P_OFFL_L2__CH4____20240912T113447_20240912T13161
16:06:56  INFO       2024-09-13  →  1 EU daytime orbit(s): S5P_OFFL_L2__CH4____20240913T111540_20240913T12571
16:06:57  INFO       2024-09-15  →  1 EU daytime orbit(s): S5P_OFFL_L2__CH4____20240915T121855_20240915T14002
16:06:58  INFO       2024-09-16  →  1 EU daytime orbit(s): S5P_OFFL_L2__CH4____20240916T115948_20240916T13411
16:06:58  INFO       2024-09-17  →  1 EU daytime orbit(s): S5P_OFFL_L2__CH4____20240917T114040_20240917T13221
16:06:59  INFO       2024-09-18  →  1 EU daytime orbit(s): S5P_OFFL_L2__CH4____20240918T112133_20240918T13030
16:06:59  INFO       2024-09-19  →  1 EU daytime orbit(s): S5P_OFFL_L2__CH4____20240919T110225_20240919T12435
16:07:00  INFO       2024-09-20  →  1 EU daytime orbit(s): S5P_OFFL_L2__CH4____20240920T122447_20240920T14061
16:07:00  INFO       2024-09-21  →  1 EU daytime orbit(s): S5P_OFFL_L2__CH4____20240921T120540_20240921T13470
16:07:01  INFO       2024-09-22  →  1 EU daytime orbit(s): S5P_OFFL_L2__CH4____20240922T114632_20240922T13280
16:07:01  INFO       2024-09-23  →  1 EU daytime orbit(s): S5P_OFFL_L2__CH4____20240923T112724_20240923T13085
16:07:02  INFO       2024-09-24  →  1 EU daytime orbit(s): S5P_OFFL_L2__CH4____20240924T110816_20240924T12494
16:07:02  INFO       2024-09-25  →  1 EU daytime orbit(s): S5P_OFFL_L2__CH4____20240925T123038_20240925T14120
16:07:04  INFO       2024-09-26  →  1 EU daytime orbit(s): S5P_OFFL_L2__CH4____20240926T121130_20240926T13525
16:07:05  INFO       2024-09-27  →  1 EU daytime orbit(s): S5P_OFFL_L2__CH4____20240927T115222_20240927T13335
16:07:06  INFO       2024-09-28  →  1 EU daytime orbit(s): S5P_OFFL_L2__CH4____20240928T113314_20240928T13144
16:07:06  INFO       2024-09-29  →  1 EU daytime orbit(s): S5P_OFFL_L2__CH4____20240929T111406_20240929T12553
16:09:10  INFO     Copernicus token refreshed, expires in 1800s
16:09:10  INFO     [2] Querying catalog for 122 dates...
16:09:11  INFO       2024-06-01  →  1 EU daytime orbit(s): S5P_OFFL_L2__CH4____20240601T121147_20240601T13531
16:09:12  INFO       2024-06-02  →  1 EU daytime orbit(s): S5P_OFFL_L2__CH4____20240602T115245_20240602T13341
16:09:12  INFO       2024-06-03  →  1 EU daytime orbit(s): S5P_OFFL_L2__CH4____20240603T113344_20240603T13151
16:09:12  INFO       2024-06-04  →  1 EU daytime orbit(s): S5P_OFFL_L2__CH4____20240604T111442_20240604T12561
16:09:13  INFO       2024-06-05  →  1 EU daytime orbit(s): S5P_OFFL_L2__CH4____20240605T123710_20240605T14183
16:09:13  INFO       2024-06-06  →  1 EU daytime orbit(s): S5P_OFFL_L2__CH4____20240606T121810_20240606T13594
16:09:13  INFO       2024-06-07  →  1 EU daytime orbit(s): S5P_OFFL_L2__CH4____20240607T115910_20240607T13404
16:09:14  INFO       2024-06-08  →  1 EU daytime orbit(s): S5P_OFFL_L2__CH4____20240608T114011_20240608T13214
16:09:15  INFO       2024-06-09  →  1 EU daytime orbit(s): S5P_OFFL_L2__CH4____20240609T112111_20240609T13024
16:09:15  INFO       2024-06-10  →  1 EU daytime orbit(s): S5P_OFFL_L2__CH4____20240610T110211_20240610T12434
16:09:15  INFO       2024-06-11  →  1 EU daytime orbit(s): S5P_OFFL_L2__CH4____20240611T122441_20240611T14061
16:09:16  INFO       2024-06-12  →  1 EU daytime orbit(s): S5P_OFFL_L2__CH4____20240612T120541_20240612T13471
16:09:16  INFO       2024-06-13  →  1 EU daytime orbit(s): S5P_OFFL_L2__CH4____20240613T114641_20240613T13281
16:09:17  INFO       2024-06-14  →  1 EU daytime orbit(s): S5P_OFFL_L2__CH4____20240614T112741_20240614T13091
16:09:17  INFO       2024-06-15  →  1 EU daytime orbit(s): S5P_OFFL_L2__CH4____20240615T110840_20240615T12501
16:09:17  INFO       2024-06-16  →  1 EU daytime orbit(s): S5P_OFFL_L2__CH4____20240616T123110_20240616T14123
16:09:18  INFO       2024-06-17  →  1 EU daytime orbit(s): S5P_OFFL_L2__CH4____20240617T121209_20240617T13533
16:09:18  INFO       2024-06-18  →  1 EU daytime orbit(s): S5P_OFFL_L2__CH4____20240618T115308_20240618T13343
16:09:18  INFO       2024-06-19  →  1 EU daytime orbit(s): S5P_OFFL_L2__CH4____20240619T113407_20240619T13153
16:09:19  INFO       2024-06-20  →  1 EU daytime orbit(s): S5P_OFFL_L2__CH4____20240620T111506_20240620T12563
16:09:19  INFO       2024-06-21  →  1 EU daytime orbit(s): S5P_OFFL_L2__CH4____20240621T123734_20240621T14190
16:09:19  INFO       2024-06-22  →  1 EU daytime orbit(s): S5P_OFFL_L2__CH4____20240622T121833_20240622T14000
16:09:20  INFO       2024-06-23  →  1 EU daytime orbit(s): S5P_OFFL_L2__CH4____20240623T115931_20240623T13410
16:09:20  INFO       2024-06-24  →  1 EU daytime orbit(s): S5P_OFFL_L2__CH4____20240624T114030_20240624T13220
16:09:20  INFO       2024-06-25  →  1 EU daytime orbit(s): S5P_OFFL_L2__CH4____20240625T112128_20240625T13025
16:09:21  INFO       2024-06-26  →  1 EU daytime orbit(s): S5P_OFFL_L2__CH4____20240626T110226_20240626T12435
16:09:21  INFO       2024-06-27  →  1 EU daytime orbit(s): S5P_OFFL_L2__CH4____20240627T122454_20240627T14062
16:09:21  INFO       2024-06-28  →  1 EU daytime orbit(s): S5P_OFFL_L2__CH4____20240628T120552_20240628T13472
16:09:22  INFO       2024-06-29  →  1 EU daytime orbit(s): S5P_OFFL_L2__CH4____20240629T114649_20240629T13281
16:09:23  INFO       2024-06-30  →  1 EU daytime orbit(s): S5P_OFFL_L2__CH4____20240630T112747_20240630T13091
16:09:23  INFO       2024-07-01  →  1 EU daytime orbit(s): S5P_OFFL_L2__CH4____20240701T110844_20240701T12501
16:09:23  INFO       2024-07-02  →  1 EU daytime orbit(s): S5P_OFFL_L2__CH4____20240702T123111_20240702T14124
16:09:24  INFO       2024-07-03  →  1 EU daytime orbit(s): S5P_OFFL_L2__CH4____20240703T121208_20240703T13533
16:09:24  INFO       2024-07-04  →  1 EU daytime orbit(s): S5P_OFFL_L2__CH4____20240704T115305_20240704T13343
16:09:24  INFO       2024-07-05  →  1 EU daytime orbit(s): S5P_OFFL_L2__CH4____20240705T113402_20240705T13153
16:09:25  INFO       2024-07-06  →  1 EU daytime orbit(s): S5P_OFFL_L2__CH4____20240706T111459_20240706T12562
16:09:25  INFO       2024-07-07  →  1 EU daytime orbit(s): S5P_OFFL_L2__CH4____20240707T123725_20240707T14185
16:09:26  INFO       2024-07-08  →  1 EU daytime orbit(s): S5P_OFFL_L2__CH4____20240708T121822_20240708T13595
16:09:26  INFO       2024-07-09  →  1 EU daytime orbit(s): S5P_OFFL_L2__CH4____20240709T115918_20240709T13404
16:09:27  INFO       2024-07-10  →  1 EU daytime orbit(s): S5P_OFFL_L2__CH4____20240710T114014_20240710T13214
16:09:27  INFO       2024-07-11  →  1 EU daytime orbit(s): S5P_OFFL_L2__CH4____20240711T112111_20240711T13024
16:09:28  INFO       2024-07-12  →  1 EU daytime orbit(s): S5P_OFFL_L2__CH4____20240712T110207_20240712T12433
16:09:28  INFO       2024-07-13  →  1 EU daytime orbit(s): S5P_OFFL_L2__CH4____20240713T122432_20240713T14060
16:09:28  INFO       2024-07-14  →  1 EU daytime orbit(s): S5P_OFFL_L2__CH4____20240714T120528_20240714T13465
16:09:29  INFO       2024-07-15  →  1 EU daytime orbit(s): S5P_OFFL_L2__CH4____20240715T114624_20240715T13275
16:09:29  INFO       2024-07-16  →  1 EU daytime orbit(s): S5P_OFFL_L2__CH4____20240716T112719_20240716T13084
16:09:29  INFO       2024-07-17  →  1 EU daytime orbit(s): S5P_OFFL_L2__CH4____20240717T110815_20240717T12494
16:09:29  INFO       2024-07-18  →  1 EU daytime orbit(s): S5P_OFFL_L2__CH4____20240718T123040_20240718T14120
16:09:30  INFO       2024-07-19  →  1 EU daytime orbit(s): S5P_OFFL_L2__CH4____20240719T121135_20240719T13530
16:09:30  INFO       2024-07-20  →  1 EU daytime orbit(s): S5P_OFFL_L2__CH4____20240720T115230_20240720T13340
16:09:30  INFO       2024-07-21  →  1 EU daytime orbit(s): S5P_OFFL_L2__CH4____20240721T113325_20240721T13145
16:09:31  INFO       2024-07-22  →  1 EU daytime orbit(s): S5P_OFFL_L2__CH4____20240722T111420_20240722T12554
16:09:32  INFO       2024-07-23  →  1 EU daytime orbit(s): S5P_OFFL_L2__CH4____20240723T123644_20240723T14181
16:09:32  INFO       2024-07-24  →  1 EU daytime orbit(s): S5P_OFFL_L2__CH4____20240724T121739_20240724T13590
16:09:32  INFO       2024-07-25  →  1 EU daytime orbit(s): S5P_OFFL_L2__CH4____20240725T115833_20240725T13400
16:09:32  INFO       2024-07-26  →  1 EU daytime orbit(s): S5P_OFFL_L2__CH4____20240726T113928_20240726T13205
16:09:33  INFO       2024-07-27  →  1 EU daytime orbit(s): S5P_OFFL_L2__CH4____20240727T112022_20240727T13015
16:09:33  INFO       2024-07-28  →  1 EU daytime orbit(s): S5P_OFFL_L2__CH4____20240728T110116_20240728T12424
16:09:33  INFO       2024-07-29  →  1 EU daytime orbit(s): S5P_OFFL_L2__CH4____20240729T122340_20240729T14050
16:09:34  INFO       2024-07-31  →  1 EU daytime orbit(s): S5P_OFFL_L2__CH4____20240731T114528_20240731T13265
16:09:34  INFO       2024-08-01  →  1 EU daytime orbit(s): S5P_OFFL_L2__CH4____20240801T112621_20240801T13075
16:09:34  INFO       2024-08-02  →  1 EU daytime orbit(s): S5P_OFFL_L2__CH4____20240802T110715_20240802T12484
16:09:35  INFO       2024-08-03  →  1 EU daytime orbit(s): S5P_OFFL_L2__CH4____20240803T122938_20240803T14110
16:09:35  INFO       2024-08-04  →  1 EU daytime orbit(s): S5P_OFFL_L2__CH4____20240804T121032_20240804T13520
16:09:35  INFO       2024-08-05  →  1 EU daytime orbit(s): S5P_OFFL_L2__CH4____20240805T115125_20240805T13325
16:09:35  INFO       2024-08-06  →  1 EU daytime orbit(s): S5P_OFFL_L2__CH4____20240806T113218_20240806T13134
16:09:36  INFO       2024-08-07  →  1 EU daytime orbit(s): S5P_OFFL_L2__CH4____20240807T111311_20240807T12544
16:09:36  INFO       2024-08-08  →  1 EU daytime orbit(s): S5P_OFFL_L2__CH4____20240808T123534_20240808T14170
16:09:36  INFO       2024-08-09  →  1 EU daytime orbit(s): S5P_OFFL_L2__CH4____20240809T121627_20240809T13575
16:09:37  INFO       2024-08-10  →  1 EU daytime orbit(s): S5P_OFFL_L2__CH4____20240810T115720_20240810T13384
16:09:37  INFO       2024-08-11  →  1 EU daytime orbit(s): S5P_OFFL_L2__CH4____20240811T113812_20240811T13194
16:09:37  INFO       2024-08-12  →  1 EU daytime orbit(s): S5P_OFFL_L2__CH4____20240812T111905_20240812T13003
16:09:38  INFO       2024-08-14  →  1 EU daytime orbit(s): S5P_OFFL_L2__CH4____20240814T122219_20240814T14034
16:09:38  INFO       2024-08-15  →  1 EU daytime orbit(s): S5P_OFFL_L2__CH4____20240815T120311_20240815T13444
16:09:38  INFO       2024-08-16  →  1 EU daytime orbit(s): S5P_OFFL_L2__CH4____20240816T114403_20240816T13253
16:09:39  INFO       2024-08-17  →  1 EU daytime orbit(s): S5P_OFFL_L2__CH4____20240817T112455_20240817T13062
16:09:39  INFO       2024-08-18  →  1 EU daytime orbit(s): S5P_OFFL_L2__CH4____20240818T110547_20240818T12471
16:09:39  INFO       2024-08-19  →  1 EU daytime orbit(s): S5P_OFFL_L2__CH4____20240819T122808_20240819T14093
16:09:40  INFO       2024-08-20  →  1 EU daytime orbit(s): S5P_OFFL_L2__CH4____20240820T120900_20240820T13502
16:09:40  INFO       2024-08-21  →  1 EU daytime orbit(s): S5P_OFFL_L2__CH4____20240821T114951_20240821T13312
16:09:41  INFO       2024-08-22  →  1 EU daytime orbit(s): S5P_OFFL_L2__CH4____20240822T113043_20240822T13121
16:09:41  INFO       2024-08-23  →  1 EU daytime orbit(s): S5P_OFFL_L2__CH4____20240823T111134_20240823T12530
16:09:42  INFO       2024-08-24  →  1 EU daytime orbit(s): S5P_OFFL_L2__CH4____20240824T123355_20240824T14152
16:09:43  INFO       2024-08-25  →  1 EU daytime orbit(s): S5P_OFFL_L2__CH4____20240825T121446_20240825T13561
16:09:43  INFO       2024-08-26  →  1 EU daytime orbit(s): S5P_OFFL_L2__CH4____20240826T115537_20240826T13370
16:09:43  INFO       2024-08-27  →  1 EU daytime orbit(s): S5P_OFFL_L2__CH4____20240827T113628_20240827T13175
16:09:44  INFO       2024-08-28  →  1 EU daytime orbit(s): S5P_OFFL_L2__CH4____20240828T111719_20240828T12584
16:09:45  INFO       2024-08-30  →  1 EU daytime orbit(s): S5P_OFFL_L2__CH4____20240830T122030_20240830T14015
16:09:46  INFO       2024-08-31  →  1 EU daytime orbit(s): S5P_OFFL_L2__CH4____20240831T120121_20240831T13425
16:09:47  INFO       2024-09-01  →  1 EU daytime orbit(s): S5P_OFFL_L2__CH4____20240901T114211_20240901T13234
16:09:47  INFO       2024-09-02  →  1 EU daytime orbit(s): S5P_OFFL_L2__CH4____20240902T112301_20240902T13043
16:09:48  INFO       2024-09-03  →  1 EU daytime orbit(s): S5P_OFFL_L2__CH4____20240903T110352_20240903T12452
16:09:48  INFO       2024-09-04  →  1 EU daytime orbit(s): S5P_OFFL_L2__CH4____20240904T122611_20240904T14074
16:09:48  INFO       2024-09-05  →  1 EU daytime orbit(s): S5P_OFFL_L2__CH4____20240905T120704_20240905T13483
16:09:49  INFO       2024-09-06  →  1 EU daytime orbit(s): S5P_OFFL_L2__CH4____20240906T114758_20240906T13292
16:09:49  INFO       2024-09-07  →  1 EU daytime orbit(s): S5P_OFFL_L2__CH4____20240907T112851_20240907T13102
16:09:49  INFO       2024-09-08  →  1 EU daytime orbit(s): S5P_OFFL_L2__CH4____20240908T110945_20240908T12511
16:09:52  INFO       2024-09-09  →  1 EU daytime orbit(s): S5P_OFFL_L2__CH4____20240909T123208_20240909T14133
16:09:53  INFO       2024-09-10  →  1 EU daytime orbit(s): S5P_OFFL_L2__CH4____20240910T121301_20240910T13543
16:09:53  INFO       2024-09-11  →  1 EU daytime orbit(s): S5P_OFFL_L2__CH4____20240911T115354_20240911T13352
16:09:53  INFO       2024-09-12  →  1 EU daytime orbit(s): S5P_OFFL_L2__CH4____20240912T113447_20240912T13161
16:09:54  INFO       2024-09-13  →  1 EU daytime orbit(s): S5P_OFFL_L2__CH4____20240913T111540_20240913T12571
16:09:55  INFO       2024-09-15  →  1 EU daytime orbit(s): S5P_OFFL_L2__CH4____20240915T121855_20240915T14002
16:09:56  INFO       2024-09-16  →  1 EU daytime orbit(s): S5P_OFFL_L2__CH4____20240916T115948_20240916T13411
16:09:57  INFO       2024-09-17  →  1 EU daytime orbit(s): S5P_OFFL_L2__CH4____20240917T114040_20240917T13221
16:09:57  INFO       2024-09-18  →  1 EU daytime orbit(s): S5P_OFFL_L2__CH4____20240918T112133_20240918T13030
16:09:58  INFO       2024-09-19  →  1 EU daytime orbit(s): S5P_OFFL_L2__CH4____20240919T110225_20240919T12435
16:09:59  INFO       2024-09-20  →  1 EU daytime orbit(s): S5P_OFFL_L2__CH4____20240920T122447_20240920T14061
16:09:59  INFO       2024-09-21  →  1 EU daytime orbit(s): S5P_OFFL_L2__CH4____20240921T120540_20240921T13470
16:10:00  INFO       2024-09-22  →  1 EU daytime orbit(s): S5P_OFFL_L2__CH4____20240922T114632_20240922T13280
16:10:00  INFO       2024-09-23  →  1 EU daytime orbit(s): S5P_OFFL_L2__CH4____20240923T112724_20240923T13085
16:10:00  INFO       2024-09-24  →  1 EU daytime orbit(s): S5P_OFFL_L2__CH4____20240924T110816_20240924T12494
16:10:01  INFO       2024-09-25  →  1 EU daytime orbit(s): S5P_OFFL_L2__CH4____20240925T123038_20240925T14120
16:10:01  INFO       2024-09-26  →  1 EU daytime orbit(s): S5P_OFFL_L2__CH4____20240926T121130_20240926T13525
16:10:02  INFO       2024-09-27  →  1 EU daytime orbit(s): S5P_OFFL_L2__CH4____20240927T115222_20240927T13335
16:10:02  INFO       2024-09-28  →  1 EU daytime orbit(s): S5P_OFFL_L2__CH4____20240928T113314_20240928T13144
16:10:02  INFO       2024-09-29  →  1 EU daytime orbit(s): S5P_OFFL_L2__CH4____20240929T111406_20240929T12553
16:10:03  INFO     [2] Processing 122 dates (prioritised by proximity to Sep-18)...
16:10:03  INFO         Downloading S5P_OFFL_L2__CH4____20240918T112133_20240918T130302_35924_03_0207 (~400–600 MB)...
16:12:00  INFO         Saved: S5P_OFFL_L2__CH4____20240918T112133_20240918T130302_35924_03_020701_20240920T032059.nc (87.0 MB)
16:12:00  INFO       2024-09-18 → extracting ΔXCH4...
16:12:00  INFO         → ΔXCH4=-7.7 ppb  qa=1.00  dist=0.060°  n_bg=486
16:12:01  INFO         Downloading S5P_OFFL_L2__CH4____20240917T114040_20240917T132210_35910_03_0207 (~400–600 MB)...
16:13:01  INFO         Saved: S5P_OFFL_L2__CH4____20240917T114040_20240917T132210_35910_03_020701_20240919T063955.nc (85.4 MB)
16:13:01  INFO       2024-09-17 → extracting ΔXCH4...
16:13:01  INFO         → site not in swath (nearest valid: 0.435°)
16:13:01  INFO         Downloading S5P_OFFL_L2__CH4____20240919T110225_20240919T124355_35938_03_0207 (~400–600 MB)...
16:13:18  INFO         Saved: S5P_OFFL_L2__CH4____20240919T110225_20240919T124355_35938_03_020701_20240921T030529.nc (83.1 MB)
16:13:18  INFO       2024-09-19 → extracting ΔXCH4...
16:13:18  INFO         → site not in swath (nearest valid: 0.205°)
16:13:18  INFO         Downloading S5P_OFFL_L2__CH4____20240916T115948_20240916T134117_35896_03_0207 (~400–600 MB)...
16:13:38  INFO         Saved: S5P_OFFL_L2__CH4____20240916T115948_20240916T134117_35896_03_020701_20240918T074150.nc (78.8 MB)
16:13:38  INFO       2024-09-16 → extracting ΔXCH4...
16:13:38  INFO         → site not in swath (nearest valid: 2.544°)
16:13:39  INFO         Downloading S5P_OFFL_L2__CH4____20240920T122447_20240920T140617_35953_03_0207 (~400–600 MB)...
16:14:48  INFO         Saved: S5P_OFFL_L2__CH4____20240920T122447_20240920T140617_35953_03_020701_20240922T041950.nc (61.0 MB)
16:14:48  INFO       2024-09-20 → extracting ΔXCH4...
16:14:49  INFO         → site not in swath (nearest valid: 0.933°)
16:14:49  INFO       2024-09-15 → download limit reached (5); skipping
16:14:49  INFO       2024-09-21 → download limit reached (5); skipping
16:14:49  INFO       2024-09-22 → download limit reached (5); skipping
16:14:49  INFO       2024-09-13 → download limit reached (5); skipping
16:14:49  INFO       2024-09-23 → download limit reached (5); skipping
16:14:49  INFO       2024-09-12 → download limit reached (5); skipping
16:14:49  INFO       2024-09-24 → download limit reached (5); skipping
16:14:49  INFO       2024-09-11 → download limit reached (5); skipping
16:14:49  INFO       2024-09-25 → download limit reached (5); skipping
16:14:49  INFO       2024-09-10 → download limit reached (5); skipping
16:14:49  INFO       2024-09-26 → download limit reached (5); skipping
16:14:49  INFO       2024-09-09 → download limit reached (5); skipping
16:14:49  INFO       2024-09-27 → download limit reached (5); skipping
16:14:49  INFO       2024-09-08 → download limit reached (5); skipping
16:14:49  INFO       2024-09-28 → download limit reached (5); skipping
16:14:49  INFO       2024-09-07 → download limit reached (5); skipping
16:14:49  INFO       2024-09-29 → download limit reached (5); skipping
16:14:49  INFO       2024-09-06 → download limit reached (5); skipping
16:14:49  INFO       2024-09-05 → download limit reached (5); skipping
16:14:49  INFO       2024-09-04 → download limit reached (5); skipping
16:14:49  INFO       2024-09-03 → download limit reached (5); skipping
16:14:49  INFO       2024-09-02 → download limit reached (5); skipping
16:14:49  INFO       2024-09-01 → download limit reached (5); skipping
16:14:49  INFO       2024-08-31 → download limit reached (5); skipping
16:14:49  INFO       2024-08-30 → download limit reached (5); skipping
16:14:49  INFO       2024-08-28 → download limit reached (5); skipping
16:14:49  INFO       2024-08-27 → download limit reached (5); skipping
16:14:49  INFO       2024-08-26 → download limit reached (5); skipping
16:14:49  INFO       2024-08-25 → download limit reached (5); skipping
16:14:49  INFO       2024-08-24 → download limit reached (5); skipping
16:14:49  INFO       2024-08-23 → download limit reached (5); skipping
16:14:49  INFO       2024-08-22 → download limit reached (5); skipping
16:14:49  INFO       2024-08-21 → download limit reached (5); skipping
16:14:49  INFO       2024-08-20 → download limit reached (5); skipping
16:14:49  INFO       2024-08-19 → download limit reached (5); skipping
16:14:49  INFO       2024-08-18 → download limit reached (5); skipping
16:14:49  INFO       2024-08-17 → download limit reached (5); skipping
16:14:49  INFO       2024-08-16 → download limit reached (5); skipping
16:14:49  INFO       2024-08-15 → download limit reached (5); skipping
16:14:49  INFO       2024-08-14 → download limit reached (5); skipping
16:14:49  INFO       2024-08-12 → download limit reached (5); skipping
16:14:49  INFO       2024-08-11 → download limit reached (5); skipping
16:14:49  INFO       2024-08-10 → download limit reached (5); skipping
16:14:49  INFO       2024-08-09 → download limit reached (5); skipping
16:14:49  INFO       2024-08-08 → download limit reached (5); skipping
16:14:49  INFO       2024-08-07 → download limit reached (5); skipping
16:14:49  INFO       2024-08-06 → download limit reached (5); skipping
16:14:49  INFO       2024-08-05 → download limit reached (5); skipping
16:14:49  INFO       2024-08-04 → download limit reached (5); skipping
16:14:49  INFO       2024-08-03 → download limit reached (5); skipping
16:14:49  INFO       2024-08-02 → download limit reached (5); skipping
16:14:49  INFO       2024-08-01 → download limit reached (5); skipping
16:14:49  INFO       2024-07-31 → download limit reached (5); skipping
16:14:49  INFO       2024-07-29 → download limit reached (5); skipping
16:14:49  INFO       2024-07-28 → download limit reached (5); skipping
16:14:49  INFO       2024-07-27 → download limit reached (5); skipping
16:14:49  INFO       2024-07-26 → download limit reached (5); skipping
16:14:49  INFO       2024-07-25 → download limit reached (5); skipping
16:14:49  INFO       2024-07-24 → download limit reached (5); skipping
16:14:49  INFO       2024-07-23 → download limit reached (5); skipping
16:14:49  INFO       2024-07-22 → download limit reached (5); skipping
16:14:49  INFO       2024-07-21 → download limit reached (5); skipping
16:14:49  INFO       2024-07-20 → download limit reached (5); skipping
16:14:49  INFO       2024-07-19 → download limit reached (5); skipping
16:14:49  INFO       2024-07-18 → download limit reached (5); skipping
16:14:49  INFO       2024-07-17 → download limit reached (5); skipping
16:14:49  INFO       2024-07-16 → download limit reached (5); skipping
16:14:49  INFO       2024-07-15 → download limit reached (5); skipping
16:14:49  INFO       2024-07-14 → download limit reached (5); skipping
16:14:49  INFO       2024-07-13 → download limit reached (5); skipping
16:14:49  INFO       2024-07-12 → download limit reached (5); skipping
16:14:49  INFO       2024-07-11 → download limit reached (5); skipping
16:14:49  INFO       2024-07-10 → download limit reached (5); skipping
16:14:49  INFO       2024-07-09 → download limit reached (5); skipping
16:14:49  INFO       2024-07-08 → download limit reached (5); skipping
16:14:49  INFO       2024-07-07 → download limit reached (5); skipping
16:14:49  INFO       2024-07-06 → download limit reached (5); skipping
16:14:49  INFO       2024-07-05 → download limit reached (5); skipping
16:14:49  INFO       2024-07-04 → download limit reached (5); skipping
16:14:49  INFO       2024-07-03 → download limit reached (5); skipping
16:14:49  INFO       2024-07-02 → download limit reached (5); skipping
16:14:49  INFO       2024-07-01 → download limit reached (5); skipping
16:14:49  INFO       2024-06-30 → download limit reached (5); skipping
16:14:49  INFO       2024-06-29 → download limit reached (5); skipping
16:14:49  INFO       2024-06-28 → download limit reached (5); skipping
16:14:49  INFO       2024-06-27 → download limit reached (5); skipping
16:14:49  INFO       2024-06-26 → download limit reached (5); skipping
16:14:49  INFO       2024-06-25 → download limit reached (5); skipping
16:14:49  INFO       2024-06-24 → download limit reached (5); skipping
16:14:49  INFO       2024-06-23 → download limit reached (5); skipping
16:14:49  INFO       2024-06-22 → download limit reached (5); skipping
16:14:49  INFO       2024-06-21 → download limit reached (5); skipping
16:14:49  INFO       2024-06-20 → download limit reached (5); skipping
16:14:49  INFO       2024-06-19 → download limit reached (5); skipping
16:14:49  INFO       2024-06-18 → download limit reached (5); skipping
16:14:49  INFO       2024-06-17 → download limit reached (5); skipping
16:14:49  INFO       2024-06-16 → download limit reached (5); skipping
16:14:49  INFO       2024-06-15 → download limit reached (5); skipping
16:14:49  INFO       2024-06-14 → download limit reached (5); skipping
16:14:49  INFO       2024-06-13 → download limit reached (5); skipping
16:14:49  INFO       2024-06-12 → download limit reached (5); skipping
16:14:49  INFO       2024-06-11 → download limit reached (5); skipping
16:14:49  INFO       2024-06-10 → download limit reached (5); skipping
16:14:49  INFO       2024-06-09 → download limit reached (5); skipping
16:14:49  INFO       2024-06-08 → download limit reached (5); skipping
16:14:49  INFO       2024-06-07 → download limit reached (5); skipping
16:14:49  INFO       2024-06-06 → download limit reached (5); skipping
16:14:49  INFO       2024-06-05 → download limit reached (5); skipping
16:14:49  INFO       2024-06-04 → download limit reached (5); skipping
16:14:49  INFO       2024-06-03 → download limit reached (5); skipping
16:14:49  INFO       2024-06-02 → download limit reached (5); skipping
16:14:49  INFO       2024-06-01 → download limit reached (5); skipping
16:14:49  INFO     
Results saved → results_analysis/tropomi_weisweiler_search.json
