16:03:37  INFO     No July 2024 T31UGS scenes cached yet
16:03:52  INFO     Copernicus token refreshed, expires in 1800s
16:03:55  INFO     Found 12 products
16:03:55  INFO     Found 3 L1C products for T31UGS in 2024-07-01 – 2024-07-31 (cloud ≤ 15%)
16:04:34  INFO     No July 2024 T31UGS scenes cached yet
16:04:46  INFO     Copernicus token refreshed, expires in 1800s
16:04:49  INFO     Found 12 products
16:04:49  INFO     Found 3 L1C products for T31UGS in 2024-07-01 – 2024-07-31 (cloud ≤ 15%)
16:04:49  INFO     ────────────────────────────────────────────────────────────
16:04:49  INFO     [1/3] S2A_MSIL1C_20240715T104021_N0510_R008_T31UGS_20240715T142048.SAFE  (cloud: 0.0%)
16:04:49  INFO       Downloading S2A_MSIL1C_20240715T104021_N0510_R008_T31UGS_20240715T142048.SAFE ...
16:06:33  INFO     Downloaded S2A_MSIL1C_20240715T104021_N0510_R008_T31UGS_20240715T142048.SAFE (845.0 MB)
16:06:33  INFO       Converting to .npy ...
16:06:33  INFO     Unzipping S2A_MSIL1C_20240715T104021_N0510_R008_T31UGS_20240715T142048.SAFE.zip ...
16:06:35  INFO     Extracted: S2A_MSIL1C_20240715T104021_N0510_R008_T31UGS_20240715T142048.SAFE
16:06:35  INFO     Found 12/12 bands in SAFE archive
16:06:35  INFO     Reference grid: 10980x10980 pixels at 10m resolution (CRS: EPSG:32631)
16:09:44  INFO     Stacked array shape: (10980, 10980, 12)
16:11:16  INFO     Saved .npy array: data/npy_cache/S2A_MSIL1C_20240715T104021_N0510_R008_T31UGS_20240715T142048.npy (shape: (10980, 10980, 12))
16:11:16  INFO     Saved geo metadata: data/npy_cache/S2A_MSIL1C_20240715T104021_N0510_R008_T31UGS_20240715T142048_geo.json
16:11:16  INFO       Saved: S2A_MSIL1C_20240715T104021_N0510_R008_T31UGS_20240715T142048.npy
16:11:16  INFO       Zip retained: data/downloads/weisweiler_july/S2A_MSIL1C_20240715T104021_N0510_R008_T31UGS_20240715T142048.SAFE.zip
16:11:16  INFO     ────────────────────────────────────────────────────────────
16:11:16  INFO     [2/3] S2B_MSIL1C_20240720T103629_N0510_R008_T31UGS_20240720T113412.SAFE  (cloud: 0.0%)
16:11:16  INFO       Downloading S2B_MSIL1C_20240720T103629_N0510_R008_T31UGS_20240720T113412.SAFE ...
16:12:58  INFO     Downloaded S2B_MSIL1C_20240720T103629_N0510_R008_T31UGS_20240720T113412.SAFE (849.7 MB)
16:12:58  INFO       Converting to .npy ...
16:12:58  INFO     Unzipping S2B_MSIL1C_20240720T103629_N0510_R008_T31UGS_20240720T113412.SAFE.zip ...
16:12:59  INFO     Extracted: S2B_MSIL1C_20240720T103629_N0510_R008_T31UGS_20240720T113412.SAFE
16:12:59  INFO     Found 12/12 bands in SAFE archive
16:12:59  INFO     Reference grid: 10980x10980 pixels at 10m resolution (CRS: EPSG:32631)
16:14:10  INFO     Stacked array shape: (10980, 10980, 12)
16:15:18  INFO     Saved .npy array: data/npy_cache/S2B_MSIL1C_20240720T103629_N0510_R008_T31UGS_20240720T113412.npy (shape: (10980, 10980, 12))
16:15:18  INFO     Saved geo metadata: data/npy_cache/S2B_MSIL1C_20240720T103629_N0510_R008_T31UGS_20240720T113412_geo.json
16:15:18  INFO       Saved: S2B_MSIL1C_20240720T103629_N0510_R008_T31UGS_20240720T113412.npy
16:15:18  INFO       Zip retained: data/downloads/weisweiler_july/S2B_MSIL1C_20240720T103629_N0510_R008_T31UGS_20240720T113412.SAFE.zip
16:15:18  INFO     ────────────────────────────────────────────────────────────
16:15:18  INFO     [3/3] S2B_MSIL1C_20240730T103629_N0511_R008_T31UGS_20240730T123944.SAFE  (cloud: 0.0%)
16:15:18  INFO       Downloading S2B_MSIL1C_20240730T103629_N0511_R008_T31UGS_20240730T123944.SAFE ...
16:16:56  INFO     Downloaded S2B_MSIL1C_20240730T103629_N0511_R008_T31UGS_20240730T123944.SAFE (848.9 MB)
16:16:56  INFO       Converting to .npy ...
16:16:56  INFO     Unzipping S2B_MSIL1C_20240730T103629_N0511_R008_T31UGS_20240730T123944.SAFE.zip ...
16:16:57  INFO     Extracted: S2B_MSIL1C_20240730T103629_N0511_R008_T31UGS_20240730T123944.SAFE
16:16:57  INFO     Found 12/12 bands in SAFE archive
16:16:57  INFO     Reference grid: 10980x10980 pixels at 10m resolution (CRS: EPSG:32631)
16:18:25  INFO     Stacked array shape: (10980, 10980, 12)
16:21:20  INFO     Saved .npy array: data/npy_cache/S2B_MSIL1C_20240730T103629_N0511_R008_T31UGS_20240730T123944.npy (shape: (10980, 10980, 12))
16:21:20  INFO     Saved geo metadata: data/npy_cache/S2B_MSIL1C_20240730T103629_N0511_R008_T31UGS_20240730T123944_geo.json
16:21:20  INFO       Saved: S2B_MSIL1C_20240730T103629_N0511_R008_T31UGS_20240730T123944.npy
16:21:20  INFO       Zip retained: data/downloads/weisweiler_july/S2B_MSIL1C_20240730T103629_N0511_R008_T31UGS_20240730T123944.SAFE.zip
16:21:21  INFO     Manifest saved → results_analysis/weisweiler_july_manifest.json
